Log file open, 03/27/22 19:42:31
LogWindows: Failed to load 'aqProf.dll' (GetLastError=126)
LogWindows: File 'aqProf.dll' does not exist
LogWindows: Failed to load 'VtuneApi.dll' (GetLastError=126)
LogWindows: File 'VtuneApi.dll' does not exist
LogWindows: Failed to load 'VtuneApi32e.dll' (GetLastError=126)
LogWindows: File 'VtuneApi32e.dll' does not exist
LogConsoleResponse: Display: Failed to find resolution value strings in scalability ini. Falling back to default.
LogConsoleResponse: Display: Failed to find resolution value strings in scalability ini. Falling back to default.
LogInit: Display: Running engine for game: PentaJam
LogPlatformFile: Not using cached read wrapper
LogTaskGraph: Started task graph with 5 named threads and 35 total threads with 3 sets of task threads.
LogStats: Stats thread started at 0.182500
LogICUInternationalization: ICU TimeZone Detection - Raw Offset: -6:00, Platform Override: ''
LogInit: Display: Loading text-based GConfig....
LogPluginManager: Mounting plugin MeshPainting
LogPluginManager: Mounting plugin XGEController
LogPluginManager: Mounting plugin Paper2D
LogPluginManager: Mounting plugin CameraShakePreviewer
LogPluginManager: Mounting plugin LightPropagationVolume
LogPluginManager: Mounting plugin OodleNetwork
LogPluginManager: Mounting plugin AssetManagerEditor
LogPluginManager: Mounting plugin GameplayCameras
LogPluginManager: Mounting plugin CryptoKeys
LogPluginManager: Mounting plugin CurveEditorTools
LogPluginManager: Mounting plugin DataValidation
LogPluginManager: Mounting plugin FacialAnimation
LogPluginManager: Mounting plugin GeometryMode
LogPluginManager: Mounting plugin MacGraphicsSwitching
LogPluginManager: Mounting plugin MaterialAnalyzer
LogPluginManager: Mounting plugin GameplayTagsEditor
LogPluginManager: Mounting plugin PluginBrowser
LogPluginManager: Mounting plugin MobileLauncherProfileWizard
LogPluginManager: Mounting plugin SpeedTreeImporter
LogPluginManager: Mounting plugin LiveLink
LogPluginManager: Mounting plugin OodleData
LogPluginManager: Mounting plugin AnimationSharing
LogPluginManager: Mounting plugin CLionSourceCodeAccess
LogPluginManager: Mounting plugin GitSourceControl
LogPluginManager: Mounting plugin CodeLiteSourceCodeAccess
LogPluginManager: Mounting plugin NullSourceCodeAccess
LogPluginManager: Mounting plugin PerforceSourceControl
LogPluginManager: Mounting plugin RiderSourceCodeAccess
LogPluginManager: Mounting plugin PlasticSourceControl
LogPluginManager: Mounting plugin SubversionSourceControl
LogPluginManager: Mounting plugin PropertyAccessNode
LogPluginManager: Mounting plugin PluginUtils
LogPluginManager: Mounting plugin TextureFormatOodle
LogPluginManager: Mounting plugin PixWinPlugin
LogPluginManager: Mounting plugin UObjectPlugin
LogPluginManager: Mounting plugin Niagara
LogPluginManager: Mounting plugin VisualStudioCodeSourceCodeAccess
LogPluginManager: Mounting plugin VisualStudioSourceCodeAccess
LogPluginManager: Mounting plugin XCodeSourceCodeAccess
LogPluginManager: Mounting plugin DatasmithContent
LogPluginManager: Mounting plugin VariantManagerContent
LogPluginManager: Mounting plugin KDevelopSourceCodeAccess
LogPluginManager: Mounting plugin AlembicImporter
LogPluginManager: Mounting plugin AutomationUtils
LogPluginManager: Mounting plugin BackChannel
LogPluginManager: Mounting plugin ChaosClothEditor
LogPluginManager: Mounting plugin ChaosCloth
LogPluginManager: Mounting plugin LuminPlatformFeatures
LogPluginManager: Mounting plugin ChaosEditor
LogPluginManager: Mounting plugin MagicLeap
LogPluginManager: Mounting plugin ChaosNiagara
LogPluginManager: Mounting plugin ChaosSolverPlugin
LogPluginManager: Mounting plugin CharacterAI
LogPluginManager: Mounting plugin MagicLeapLightEstimation
LogPluginManager: Mounting plugin MagicLeapMedia
LogPluginManager: Mounting plugin GeometryCache
LogPluginManager: Mounting plugin MagicLeapPassableWorld
LogPluginManager: Mounting plugin MLSDK
LogPluginManager: Mounting plugin GeometryCollectionPlugin
LogPluginManager: Mounting plugin GeometryProcessing
LogPluginManager: Mounting plugin MotoSynth
LogPluginManager: Mounting plugin OpenImageDenoise
LogPluginManager: Mounting plugin PlanarCut
LogPluginManager: Mounting plugin ProxyLODPlugin
LogPluginManager: Mounting plugin PlatformCrypto
LogPluginManager: Mounting plugin PythonScriptPlugin
LogPluginManager: Mounting plugin SkeletalReduction
LogPluginManager: Mounting plugin ActorSequence
LogPluginManager: Mounting plugin MatineeToLevelSequence
LogPluginManager: Mounting plugin LevelSequenceEditor
LogPluginManager: Mounting plugin TemplateSequence
LogPluginManager: Mounting plugin AvfMedia
LogPluginManager: Mounting plugin AndroidMedia
LogPluginManager: Mounting plugin ImgMedia
LogPluginManager: Mounting plugin TcpMessaging
LogPluginManager: Mounting plugin UdpMessaging
LogPluginManager: Mounting plugin MediaPlayerEditor
LogPluginManager: Mounting plugin WebMMedia
LogPluginManager: Mounting plugin WmfMedia
LogPluginManager: Mounting plugin LauncherChunkInstaller
LogPluginManager: Mounting plugin OnlineSubsystem
LogPluginManager: Mounting plugin OnlineSubsystemNull
LogPluginManager: Mounting plugin MediaCompositing
LogPluginManager: Mounting plugin OnlineSubsystemUtils
LogPluginManager: Mounting plugin ActorLayerUtilities
LogPluginManager: Mounting plugin AndroidDeviceProfileSelector
LogPluginManager: Mounting plugin AndroidPermission
LogPluginManager: Mounting plugin AndroidMoviePlayer
LogPluginManager: Mounting plugin AppleMoviePlayer
LogPluginManager: Mounting plugin AppleImageUtils
LogPluginManager: Mounting plugin ArchVisCharacter
LogPluginManager: Mounting plugin AssetTags
LogPluginManager: Mounting plugin AudioCapture
LogPluginManager: Mounting plugin AudioSynesthesia
LogPluginManager: Mounting plugin CableComponent
LogPluginManager: Mounting plugin ChunkDownloader
LogPluginManager: Mounting plugin CustomMeshComponent
LogPluginManager: Mounting plugin EditableMesh
LogPluginManager: Mounting plugin GoogleCloudMessaging
LogPluginManager: Mounting plugin GooglePAD
LogPluginManager: Mounting plugin ExampleDeviceProfileSelector
LogPluginManager: Mounting plugin ScreenshotTools
LogPluginManager: Mounting plugin IOSDeviceProfileSelector
LogPluginManager: Mounting plugin LinuxDeviceProfileSelector
LogPluginManager: Mounting plugin LocationServicesBPLibrary
LogPluginManager: Mounting plugin MobilePatchingUtils
LogPluginManager: Mounting plugin OpenXREyeTracker
LogPluginManager: Mounting plugin OpenXRHandTracking
LogPluginManager: Mounting plugin PhysXVehicles
LogPluginManager: Mounting plugin PostSplashScreen
LogPluginManager: Mounting plugin PropertyAccessEditor
LogPluginManager: Mounting plugin ProceduralMeshComponent
LogPluginManager: Mounting plugin RuntimePhysXCooking
LogPluginManager: Mounting plugin SignificanceManager
LogPluginManager: Mounting plugin SoundFields
LogPluginManager: Mounting plugin OpenXR
LogPluginManager: Mounting plugin Synthesis
LogPluginManager: Mounting plugin WebMMoviePlayer
LogPluginManager: Mounting plugin WindowsMoviePlayer
LogPluginManager: Mounting plugin AISupport
LogPluginManager: Mounting plugin Takes
LogPluginManager: Mounting plugin EnvironmentQueryEditor
LogPluginManager: Mounting plugin ContentBrowserAssetDataSource
LogPluginManager: Mounting plugin ContentBrowserClassDataSource
LogPluginManager: Mounting plugin ContentBrowserFileDataSource
LogPluginManager: Mounting plugin OnlineSubsystemGooglePlay
LogPluginManager: Mounting plugin OnlineSubsystemIOS
LogPluginManager: Mounting plugin OculusVR
PixWinPlugin: PIX capture plugin failed to initialize! Check that the process is launched from PIX.
LogInit: Using libcurl 7.55.1-DEV
LogInit:  - built for x86_64-pc-win32
LogInit:  - supports SSL with OpenSSL/1.1.1
LogInit:  - supports HTTP deflate (compression) using libz 1.2.8
LogInit:  - other features:
LogInit:      CURL_VERSION_SSL
LogInit:      CURL_VERSION_LIBZ
LogInit:      CURL_VERSION_IPV6
LogInit:      CURL_VERSION_ASYNCHDNS
LogInit:      CURL_VERSION_LARGEFILE
LogInit:      CURL_VERSION_IDN
LogInit:  CurlRequestOptions (configurable via config and command line):
LogInit:  - bVerifyPeer = true  - Libcurl will verify peer certificate
LogInit:  - bUseHttpProxy = false  - Libcurl will NOT use HTTP proxy
LogInit:  - bDontReuseConnections = false  - Libcurl will reuse connections
LogInit:  - MaxHostConnections = 16  - Libcurl will limit the number of connections to a host
LogInit:  - LocalHostAddr = Default
LogInit:  - BufferSize = 65536
LogOnline: OSS: Creating online subsystem instance for: NULL
LogInit: WinSock: version 1.1 (2.2), MaxSocks=32767, MaxUdp=65467
LogOnline: OSS: TryLoadSubsystemAndSetDefault: Loaded subsystem for module [NULL]
LogOculusPluginWrapper: OculusPlugin initialized successfully
LogHMD: Failed initializing OVRPlugin 1.59.0
LogInit: Build: ++UE4+Release-4.27-CL-18319896
LogInit: Engine Version: 4.27.2-18319896+++UE4+Release-4.27
LogInit: Compatible Engine Version: 4.27.0-17155196+++UE4+Release-4.27
LogInit: Net CL: 17155196
LogInit: OS: Windows 10 (Release 2009) (), CPU: AMD Ryzen 5 5600X 6-Core Processor             , GPU: NVIDIA GeForce RTX 3070
LogInit: Compiled (64-bit): Nov 30 2021 07:12:08
LogInit: Compiled with Visual C++: 19.24.28315.00
LogInit: Build Configuration: Development
LogInit: Branch Name: ++UE4+Release-4.27
LogInit: Command Line: 
LogInit: Base Directory: C:/Program Files/Epic Games/UE_4.27/Engine/Binaries/Win64/
LogInit: Allocator: TBB
LogInit: Installed Engine Build: 1
LogDevObjectVersion: Number of dev versions registered: 29
LogDevObjectVersion:   Dev-Blueprints (B0D832E4-1F89-4F0D-ACCF-7EB736FD4AA2): 10
LogDevObjectVersion:   Dev-Build (E1C64328-A22C-4D53-A36C-8E866417BD8C): 0
LogDevObjectVersion:   Dev-Core (375EC13C-06E4-48FB-B500-84F0262A717E): 4
LogDevObjectVersion:   Dev-Editor (E4B068ED-F494-42E9-A231-DA0B2E46BB41): 40
LogDevObjectVersion:   Dev-Framework (CFFC743F-43B0-4480-9391-14DF171D2073): 37
LogDevObjectVersion:   Dev-Mobile (B02B49B5-BB20-44E9-A304-32B752E40360): 3
LogDevObjectVersion:   Dev-Networking (A4E4105C-59A1-49B5-A7C5-40C4547EDFEE): 0
LogDevObjectVersion:   Dev-Online (39C831C9-5AE6-47DC-9A44-9C173E1C8E7C): 0
LogDevObjectVersion:   Dev-Physics (78F01B33-EBEA-4F98-B9B4-84EACCB95AA2): 14
LogDevObjectVersion:   Dev-Platform (6631380F-2D4D-43E0-8009-CF276956A95A): 0
LogDevObjectVersion:   Dev-Rendering (12F88B9F-8875-4AFC-A67C-D90C383ABD29): 45
LogDevObjectVersion:   Dev-Sequencer (7B5AE74C-D270-4C10-A958-57980B212A5A): 13
LogDevObjectVersion:   Dev-VR (D7296918-1DD6-4BDD-9DE2-64A83CC13884): 3
LogDevObjectVersion:   Dev-LoadTimes (C2A15278-BFE7-4AFE-6C17-90FF531DF755): 1
LogDevObjectVersion:   Private-Geometry (6EACA3D4-40EC-4CC1-B786-8BED09428FC5): 3
LogDevObjectVersion:   Dev-AnimPhys (29E575DD-E0A3-4627-9D10-D276232CDCEA): 17
LogDevObjectVersion:   Dev-Anim (AF43A65D-7FD3-4947-9873-3E8ED9C1BB05): 15
LogDevObjectVersion:   Dev-ReflectionCapture (6B266CEC-1EC7-4B8F-A30B-E4D90942FC07): 1
LogDevObjectVersion:   Dev-Automation (0DF73D61-A23F-47EA-B727-89E90C41499A): 1
LogDevObjectVersion:   FortniteMain (601D1886-AC64-4F84-AA16-D3DE0DEAC7D6): 47
LogDevObjectVersion:   FortniteRelease (E7086368-6B23-4C58-8439-1B7016265E91): 1
LogDevObjectVersion:   Dev-Enterprise (9DFFBCD6-494F-0158-E221-12823C92A888): 10
LogDevObjectVersion:   Dev-Niagara (F2AED0AC-9AFE-416F-8664-AA7FFA26D6FC): 1
LogDevObjectVersion:   Dev-Destruction (174F1F0B-B4C6-45A5-B13F-2EE8D0FB917D): 10
LogDevObjectVersion:   Dev-Physics-Ext (35F94A83-E258-406C-A318-09F59610247C): 41
LogDevObjectVersion:   Dev-PhysicsMaterial-Chaos (B68FC16E-8B1B-42E2-B453-215C058844FE): 1
LogDevObjectVersion:   Dev-CineCamera (B2E18506-4273-CFC2-A54E-F4BB758BBA07): 1
LogDevObjectVersion:   Dev-VirtualProduction (64F58936-FD1B-42BA-BA96-7289D5D0FA4E): 1
LogDevObjectVersion:   Dev-MediaFramework (6F0ED827-A609-4895-9C91-998D90180EA4): 2
LogInit: Presizing for max 25165824 objects, including 0 objects not considered by GC, pre-allocating 0 bytes for permanent pool.
LogConfig: Applying CVar settings from Section [/Script/Engine.StreamingSettings] File [C:/Users/super/Documents/UnrealProjects/PentaJam/PentaJam/Saved/Config/Windows/Engine.ini]
LogConfig: Setting CVar [[s.MinBulkDataSizeForAsyncLoading:131072]]
LogConfig: Setting CVar [[s.AsyncLoadingThreadEnabled:0]]
LogConfig: Setting CVar [[s.EventDrivenLoaderEnabled:1]]
LogConfig: Setting CVar [[s.WarnIfTimeLimitExceeded:0]]
LogConfig: Setting CVar [[s.TimeLimitExceededMultiplier:1.5]]
LogConfig: Setting CVar [[s.TimeLimitExceededMinTime:0.005]]
LogConfig: Setting CVar [[s.UseBackgroundLevelStreaming:1]]
LogConfig: Setting CVar [[s.PriorityAsyncLoadingExtraTime:15.0]]
LogConfig: Setting CVar [[s.LevelStreamingActorsUpdateTimeLimit:5.0]]
LogConfig: Setting CVar [[s.PriorityLevelStreamingActorsUpdateExtraTime:5.0]]
LogConfig: Setting CVar [[s.LevelStreamingComponentsRegistrationGranularity:10]]
LogConfig: Setting CVar [[s.UnregisterComponentsTimeLimit:1.0]]
LogConfig: Setting CVar [[s.LevelStreamingComponentsUnregistrationGranularity:5]]
LogConfig: Setting CVar [[s.FlushStreamingOnExit:1]]
LogInit: Object subsystem initialized
LogConfig: Setting CVar [[con.DebugEarlyDefault:1]]
LogConfig: Setting CVar [[r.setres:1280x720]]
[2022.03.28-00.42.32:808][  0]LogConfig: Setting CVar [[r.VSync:0]]
[2022.03.28-00.42.32:808][  0]LogConfig: Setting CVar [[r.RHICmdBypass:0]]
[2022.03.28-00.42.32:808][  0]LogConfig: Applying CVar settings from Section [/Script/Engine.RendererSettings] File [C:/Users/super/Documents/UnrealProjects/PentaJam/PentaJam/Saved/Config/Windows/Engine.ini]
[2022.03.28-00.42.32:808][  0]LogConfig: Setting CVar [[r.GPUCrashDebugging:0]]
[2022.03.28-00.42.32:808][  0]LogConfig: Applying CVar settings from Section [/Script/Engine.RendererOverrideSettings] File [C:/Users/super/Documents/UnrealProjects/PentaJam/PentaJam/Saved/Config/Windows/Engine.ini]
[2022.03.28-00.42.32:808][  0]LogConfig: Applying CVar settings from Section [/Script/Engine.StreamingSettings] File [C:/Users/super/Documents/UnrealProjects/PentaJam/PentaJam/Saved/Config/Windows/Engine.ini]
[2022.03.28-00.42.32:808][  0]LogConfig: Setting CVar [[s.MinBulkDataSizeForAsyncLoading:131072]]
[2022.03.28-00.42.32:808][  0]LogConfig: Setting CVar [[s.AsyncLoadingThreadEnabled:0]]
[2022.03.28-00.42.32:808][  0]LogConfig: Setting CVar [[s.EventDrivenLoaderEnabled:1]]
[2022.03.28-00.42.32:808][  0]LogConfig: Setting CVar [[s.WarnIfTimeLimitExceeded:0]]
[2022.03.28-00.42.32:808][  0]LogConfig: Setting CVar [[s.TimeLimitExceededMultiplier:1.5]]
[2022.03.28-00.42.32:808][  0]LogConfig: Setting CVar [[s.TimeLimitExceededMinTime:0.005]]
[2022.03.28-00.42.32:808][  0]LogConfig: Setting CVar [[s.UseBackgroundLevelStreaming:1]]
[2022.03.28-00.42.32:808][  0]LogConfig: Setting CVar [[s.PriorityAsyncLoadingExtraTime:15.0]]
[2022.03.28-00.42.32:808][  0]LogConfig: Setting CVar [[s.LevelStreamingActorsUpdateTimeLimit:5.0]]
[2022.03.28-00.42.32:808][  0]LogConfig: Setting CVar [[s.PriorityLevelStreamingActorsUpdateExtraTime:5.0]]
[2022.03.28-00.42.32:808][  0]LogConfig: Setting CVar [[s.LevelStreamingComponentsRegistrationGranularity:10]]
[2022.03.28-00.42.32:808][  0]LogConfig: Setting CVar [[s.UnregisterComponentsTimeLimit:1.0]]
[2022.03.28-00.42.32:808][  0]LogConfig: Setting CVar [[s.LevelStreamingComponentsUnregistrationGranularity:5]]
[2022.03.28-00.42.32:808][  0]LogConfig: Setting CVar [[s.FlushStreamingOnExit:1]]
[2022.03.28-00.42.32:808][  0]LogConfig: Applying CVar settings from Section [/Script/Engine.GarbageCollectionSettings] File [C:/Users/super/Documents/UnrealProjects/PentaJam/PentaJam/Saved/Config/Windows/Engine.ini]
[2022.03.28-00.42.32:808][  0]LogConfig: Setting CVar [[gc.MaxObjectsNotConsideredByGC:1]]
[2022.03.28-00.42.32:808][  0]LogConfig: Setting CVar [[gc.SizeOfPermanentObjectPool:0]]
[2022.03.28-00.42.32:808][  0]LogConfig: Setting CVar [[gc.FlushStreamingOnGC:0]]
[2022.03.28-00.42.32:808][  0]LogConfig: Setting CVar [[gc.NumRetriesBeforeForcingGC:10]]
[2022.03.28-00.42.32:808][  0]LogConfig: Setting CVar [[gc.AllowParallelGC:1]]
[2022.03.28-00.42.32:808][  0]LogConfig: Setting CVar [[gc.TimeBetweenPurgingPendingKillObjects:61.1]]
[2022.03.28-00.42.32:808][  0]LogConfig: Setting CVar [[gc.MaxObjectsInEditor:25165824]]
[2022.03.28-00.42.32:808][  0]LogConfig: Setting CVar [[gc.IncrementalBeginDestroyEnabled:1]]
[2022.03.28-00.42.32:808][  0]LogConfig: Setting CVar [[gc.CreateGCClusters:1]]
[2022.03.28-00.42.32:808][  0]LogConfig: Setting CVar [[gc.MinGCClusterSize:5]]
[2022.03.28-00.42.32:808][  0]LogConfig: Setting CVar [[gc.ActorClusteringEnabled:0]]
[2022.03.28-00.42.32:808][  0]LogConfig: Setting CVar [[gc.BlueprintClusteringEnabled:0]]
[2022.03.28-00.42.32:808][  0]LogConfig: Setting CVar [[gc.UseDisregardForGCOnDedicatedServers:0]]
[2022.03.28-00.42.32:808][  0]LogConfig: Setting CVar [[gc.MultithreadedDestructionEnabled:1]]
[2022.03.28-00.42.32:808][  0]LogConfig: Applying CVar settings from Section [/Script/Engine.NetworkSettings] File [C:/Users/super/Documents/UnrealProjects/PentaJam/PentaJam/Saved/Config/Windows/Engine.ini]
[2022.03.28-00.42.32:808][  0]LogConfig: Applying CVar settings from Section [/Script/UnrealEd.CookerSettings] File [C:/Users/super/Documents/UnrealProjects/PentaJam/PentaJam/Saved/Config/Windows/Engine.ini]
[2022.03.28-00.42.32:830][  0]LogConfig: Applying CVar settings from Section [ViewDistanceQuality@3] File [C:/Users/super/Documents/UnrealProjects/PentaJam/PentaJam/Saved/Config/Windows/Scalability.ini]
[2022.03.28-00.42.32:830][  0]LogConfig: Setting CVar [[r.SkeletalMeshLODBias:0]]
[2022.03.28-00.42.32:830][  0]LogConfig: Setting CVar [[r.ViewDistanceScale:1.0]]
[2022.03.28-00.42.32:830][  0]LogConfig: Applying CVar settings from Section [AntiAliasingQuality@3] File [C:/Users/super/Documents/UnrealProjects/PentaJam/PentaJam/Saved/Config/Windows/Scalability.ini]
[2022.03.28-00.42.32:830][  0]LogConfig: Setting CVar [[r.PostProcessAAQuality:4]]
[2022.03.28-00.42.32:830][  0]LogConfig: Applying CVar settings from Section [ShadowQuality@3] File [C:/Users/super/Documents/UnrealProjects/PentaJam/PentaJam/Saved/Config/Windows/Scalability.ini]
[2022.03.28-00.42.32:830][  0]LogConfig: Setting CVar [[r.LightFunctionQuality:1]]
[2022.03.28-00.42.32:830][  0]LogConfig: Setting CVar [[r.ShadowQuality:5]]
[2022.03.28-00.42.32:830][  0]LogConfig: Setting CVar [[r.Shadow.CSM.MaxCascades:10]]
[2022.03.28-00.42.32:830][  0]LogConfig: Setting CVar [[r.Shadow.MaxResolution:2048]]
[2022.03.28-00.42.32:830][  0]LogConfig: Setting CVar [[r.Shadow.MaxCSMResolution:2048]]
[2022.03.28-00.42.32:830][  0]LogConfig: Setting CVar [[r.Shadow.RadiusThreshold:0.01]]
[2022.03.28-00.42.32:830][  0]LogConfig: Setting CVar [[r.Shadow.DistanceScale:1.0]]
[2022.03.28-00.42.32:830][  0]LogConfig: Setting CVar [[r.Shadow.CSM.TransitionScale:1.0]]
[2022.03.28-00.42.32:830][  0]LogConfig: Setting CVar [[r.Shadow.PreShadowResolutionFactor:1.0]]
[2022.03.28-00.42.32:830][  0]LogConfig: Setting CVar [[r.DistanceFieldShadowing:1]]
[2022.03.28-00.42.32:830][  0]LogConfig: Setting CVar [[r.DistanceFieldAO:1]]
[2022.03.28-00.42.32:830][  0]LogConfig: Setting CVar [[r.AOQuality:2]]
[2022.03.28-00.42.32:830][  0]LogConfig: Setting CVar [[r.VolumetricFog:1]]
[2022.03.28-00.42.32:830][  0]LogConfig: Setting CVar [[r.VolumetricFog.GridPixelSize:8]]
[2022.03.28-00.42.32:830][  0]LogConfig: Setting CVar [[r.VolumetricFog.GridSizeZ:128]]
[2022.03.28-00.42.32:830][  0]LogConfig: Setting CVar [[r.VolumetricFog.HistoryMissSupersampleCount:4]]
[2022.03.28-00.42.32:830][  0]LogConfig: Setting CVar [[r.LightMaxDrawDistanceScale:1]]
[2022.03.28-00.42.32:830][  0]LogConfig: Setting CVar [[r.CapsuleShadows:1]]
[2022.03.28-00.42.32:830][  0]LogConfig: Applying CVar settings from Section [PostProcessQuality@3] File [C:/Users/super/Documents/UnrealProjects/PentaJam/PentaJam/Saved/Config/Windows/Scalability.ini]
[2022.03.28-00.42.32:830][  0]LogConfig: Setting CVar [[r.MotionBlurQuality:4]]
[2022.03.28-00.42.32:830][  0]LogConfig: Setting CVar [[r.AmbientOcclusionMipLevelFactor:0.4]]
[2022.03.28-00.42.32:830][  0]LogConfig: Setting CVar [[r.AmbientOcclusionMaxQuality:100]]
[2022.03.28-00.42.32:830][  0]LogConfig: Setting CVar [[r.AmbientOcclusionLevels:-1]]
[2022.03.28-00.42.32:830][  0]LogConfig: Setting CVar [[r.AmbientOcclusionRadiusScale:1.0]]
[2022.03.28-00.42.32:830][  0]LogConfig: Setting CVar [[r.DepthOfFieldQuality:2]]
[2022.03.28-00.42.32:830][  0]LogConfig: Setting CVar [[r.RenderTargetPoolMin:400]]
[2022.03.28-00.42.32:830][  0]LogConfig: Setting CVar [[r.LensFlareQuality:2]]
[2022.03.28-00.42.32:830][  0]LogConfig: Setting CVar [[r.SceneColorFringeQuality:1]]
[2022.03.28-00.42.32:830][  0]LogConfig: Setting CVar [[r.EyeAdaptationQuality:2]]
[2022.03.28-00.42.32:830][  0]LogConfig: Setting CVar [[r.BloomQuality:5]]
[2022.03.28-00.42.32:830][  0]LogConfig: Setting CVar [[r.FastBlurThreshold:100]]
[2022.03.28-00.42.32:830][  0]LogConfig: Setting CVar [[r.Upscale.Quality:3]]
[2022.03.28-00.42.32:830][  0]LogConfig: Setting CVar [[r.Tonemapper.GrainQuantization:1]]
[2022.03.28-00.42.32:830][  0]LogConfig: Setting CVar [[r.LightShaftQuality:1]]
[2022.03.28-00.42.32:830][  0]LogConfig: Setting CVar [[r.Filter.SizeScale:1]]
[2022.03.28-00.42.32:830][  0]LogConfig: Setting CVar [[r.Tonemapper.Quality:5]]
[2022.03.28-00.42.32:830][  0]LogConfig: Setting CVar [[r.DOF.Gather.AccumulatorQuality:1        ; higher gathering accumulator quality]]
[2022.03.28-00.42.32:830][  0]LogConfig: Setting CVar [[r.DOF.Gather.PostfilterMethod:1          ; Median3x3 postfilering method]]
[2022.03.28-00.42.32:830][  0]LogConfig: Setting CVar [[r.DOF.Gather.EnableBokehSettings:0       ; no bokeh simulation when gathering]]
[2022.03.28-00.42.32:830][  0]LogConfig: Setting CVar [[r.DOF.Gather.RingCount:4                 ; medium number of samples when gathering]]
[2022.03.28-00.42.32:830][  0]LogConfig: Setting CVar [[r.DOF.Scatter.ForegroundCompositing:1    ; additive foreground scattering]]
[2022.03.28-00.42.32:830][  0]LogConfig: Setting CVar [[r.DOF.Scatter.BackgroundCompositing:2    ; additive background scattering]]
[2022.03.28-00.42.32:830][  0]LogConfig: Setting CVar [[r.DOF.Scatter.EnableBokehSettings:1      ; bokeh simulation when scattering]]
[2022.03.28-00.42.32:830][  0]LogConfig: Setting CVar [[r.DOF.Scatter.MaxSpriteRatio:0.1         ; only a maximum of 10% of scattered bokeh]]
[2022.03.28-00.42.32:830][  0]LogConfig: Setting CVar [[r.DOF.Recombine.Quality:1                ; cheap slight out of focus]]
[2022.03.28-00.42.32:830][  0]LogConfig: Setting CVar [[r.DOF.Recombine.EnableBokehSettings:0    ; no bokeh simulation on slight out of focus]]
[2022.03.28-00.42.32:830][  0]LogConfig: Setting CVar [[r.DOF.TemporalAAQuality:1                ; more stable temporal accumulation]]
[2022.03.28-00.42.32:830][  0]LogConfig: Setting CVar [[r.DOF.Kernel.MaxForegroundRadius:0.025]]
[2022.03.28-00.42.32:830][  0]LogConfig: Setting CVar [[r.DOF.Kernel.MaxBackgroundRadius:0.025]]
[2022.03.28-00.42.32:830][  0]LogConfig: Applying CVar settings from Section [TextureQuality@3] File [C:/Users/super/Documents/UnrealProjects/PentaJam/PentaJam/Saved/Config/Windows/Scalability.ini]
[2022.03.28-00.42.32:830][  0]LogConfig: Setting CVar [[r.Streaming.MipBias:0]]
[2022.03.28-00.42.32:830][  0]LogConfig: Setting CVar [[r.Streaming.AmortizeCPUToGPUCopy:0]]
[2022.03.28-00.42.32:830][  0]LogConfig: Setting CVar [[r.Streaming.MaxNumTexturesToStreamPerFrame:0]]
[2022.03.28-00.42.32:830][  0]LogConfig: Setting CVar [[r.Streaming.Boost:1]]
[2022.03.28-00.42.32:830][  0]LogConfig: Setting CVar [[r.MaxAnisotropy:8]]
[2022.03.28-00.42.32:830][  0]LogConfig: Setting CVar [[r.VT.MaxAnisotropy:8]]
[2022.03.28-00.42.32:830][  0]LogConfig: Setting CVar [[r.Streaming.LimitPoolSizeToVRAM:0]]
[2022.03.28-00.42.32:830][  0]LogConfig: Setting CVar [[r.Streaming.PoolSize:1000]]
[2022.03.28-00.42.32:830][  0]LogConfig: Setting CVar [[r.Streaming.MaxEffectiveScreenSize:0]]
[2022.03.28-00.42.32:830][  0]LogConfig: Applying CVar settings from Section [EffectsQuality@3] File [C:/Users/super/Documents/UnrealProjects/PentaJam/PentaJam/Saved/Config/Windows/Scalability.ini]
[2022.03.28-00.42.32:830][  0]LogConfig: Setting CVar [[r.TranslucencyLightingVolumeDim:64]]
[2022.03.28-00.42.32:830][  0]LogConfig: Setting CVar [[r.RefractionQuality:2]]
[2022.03.28-00.42.32:830][  0]LogConfig: Setting CVar [[r.SSR.Quality:3]]
[2022.03.28-00.42.32:830][  0]LogConfig: Setting CVar [[r.SSR.HalfResSceneColor:0]]
[2022.03.28-00.42.32:830][  0]LogConfig: Setting CVar [[r.SceneColorFormat:4]]
[2022.03.28-00.42.32:830][  0]LogConfig: Setting CVar [[r.DetailMode:2]]
[2022.03.28-00.42.32:830][  0]LogConfig: Setting CVar [[r.TranslucencyVolumeBlur:1]]
[2022.03.28-00.42.32:830][  0]LogConfig: Setting CVar [[r.MaterialQualityLevel:1 ; High quality]]
[2022.03.28-00.42.32:831][  0]LogConfig: Setting CVar [[r.AnisotropicMaterials:1]]
[2022.03.28-00.42.32:831][  0]LogConfig: Setting CVar [[r.SSS.Scale:1]]
[2022.03.28-00.42.32:831][  0]LogConfig: Setting CVar [[r.SSS.SampleSet:2]]
[2022.03.28-00.42.32:831][  0]LogConfig: Setting CVar [[r.SSS.Quality:1]]
[2022.03.28-00.42.32:831][  0]LogConfig: Setting CVar [[r.SSS.HalfRes:0]]
[2022.03.28-00.42.32:831][  0]LogConfig: Setting CVar [[r.SSGI.Quality:3]]
[2022.03.28-00.42.32:831][  0]LogConfig: Setting CVar [[r.EmitterSpawnRateScale:1.0]]
[2022.03.28-00.42.32:831][  0]LogConfig: Setting CVar [[r.ParticleLightQuality:2]]
[2022.03.28-00.42.32:831][  0]LogConfig: Setting CVar [[r.SkyAtmosphere.AerialPerspectiveLUT.FastApplyOnOpaque:1 ; Always have FastSkyLUT 1 in this case to avoid wrong sky]]
[2022.03.28-00.42.32:831][  0]LogConfig: Setting CVar [[r.SkyAtmosphere.AerialPerspectiveLUT.SampleCountMaxPerSlice:4]]
[2022.03.28-00.42.32:831][  0]LogConfig: Setting CVar [[r.SkyAtmosphere.AerialPerspectiveLUT.DepthResolution:16.0]]
[2022.03.28-00.42.32:831][  0]LogConfig: Setting CVar [[r.SkyAtmosphere.FastSkyLUT:1]]
[2022.03.28-00.42.32:831][  0]LogConfig: Setting CVar [[r.SkyAtmosphere.FastSkyLUT.SampleCountMin:4.0]]
[2022.03.28-00.42.32:831][  0]LogConfig: Setting CVar [[r.SkyAtmosphere.FastSkyLUT.SampleCountMax:128.0]]
[2022.03.28-00.42.32:831][  0]LogConfig: Setting CVar [[r.SkyAtmosphere.SampleCountMin:4.0]]
[2022.03.28-00.42.32:831][  0]LogConfig: Setting CVar [[r.SkyAtmosphere.SampleCountMax:128.0]]
[2022.03.28-00.42.32:831][  0]LogConfig: Setting CVar [[r.SkyAtmosphere.TransmittanceLUT.UseSmallFormat:0]]
[2022.03.28-00.42.32:831][  0]LogConfig: Setting CVar [[r.SkyAtmosphere.TransmittanceLUT.SampleCount:10.0]]
[2022.03.28-00.42.32:831][  0]LogConfig: Setting CVar [[r.SkyAtmosphere.MultiScatteringLUT.SampleCount:15.0]]
[2022.03.28-00.42.32:831][  0]LogConfig: Setting CVar [[r.SkyLight.RealTimeReflectionCapture:1]]
[2022.03.28-00.42.32:831][  0]LogConfig: Applying CVar settings from Section [FoliageQuality@3] File [C:/Users/super/Documents/UnrealProjects/PentaJam/PentaJam/Saved/Config/Windows/Scalability.ini]
[2022.03.28-00.42.32:831][  0]LogConfig: Setting CVar [[foliage.DensityScale:1.0]]
[2022.03.28-00.42.32:831][  0]LogConfig: Setting CVar [[grass.DensityScale:1.0]]
[2022.03.28-00.42.32:831][  0]LogConfig: Applying CVar settings from Section [ShadingQuality@3] File [C:/Users/super/Documents/UnrealProjects/PentaJam/PentaJam/Saved/Config/Windows/Scalability.ini]
[2022.03.28-00.42.32:831][  0]LogConfig: Setting CVar [[r.HairStrands.SkyLighting.IntegrationType:2]]
[2022.03.28-00.42.32:831][  0]LogConfig: Setting CVar [[r.HairStrands.SkyAO.SampleCount:4]]
[2022.03.28-00.42.32:831][  0]LogConfig: Setting CVar [[r.HairStrands.Visibility.MSAA.SamplePerPixel:4]]
[2022.03.28-00.42.32:831][  0]LogInit: Selected Device Profile: [Windows]
[2022.03.28-00.42.32:831][  0]LogInit: Applying CVar settings loaded from the selected device profile: [Windows]
[2022.03.28-00.42.32:831][  0]LogHAL: Display: Platform has ~ 32 GB [34279415808 / 34359738368 / 32], which maps to Largest [LargestMinGB=32, LargerMinGB=12, DefaultMinGB=8, SmallerMinGB=6, SmallestMinGB=0)
[2022.03.28-00.42.32:831][  0]LogInit: Going up to parent DeviceProfile []
[2022.03.28-00.42.32:831][  0]LogConfig: Applying CVar settings from Section [ViewDistanceQuality@3] File [C:/Users/super/Documents/UnrealProjects/PentaJam/PentaJam/Saved/Config/Windows/Scalability.ini]
[2022.03.28-00.42.32:831][  0]LogConfig: Setting CVar [[r.SkeletalMeshLODBias:0]]
[2022.03.28-00.42.32:831][  0]LogConfig: Setting CVar [[r.ViewDistanceScale:1.0]]
[2022.03.28-00.42.32:831][  0]LogConfig: Applying CVar settings from Section [AntiAliasingQuality@3] File [C:/Users/super/Documents/UnrealProjects/PentaJam/PentaJam/Saved/Config/Windows/Scalability.ini]
[2022.03.28-00.42.32:831][  0]LogConfig: Setting CVar [[r.PostProcessAAQuality:4]]
[2022.03.28-00.42.32:831][  0]LogConfig: Applying CVar settings from Section [ShadowQuality@3] File [C:/Users/super/Documents/UnrealProjects/PentaJam/PentaJam/Saved/Config/Windows/Scalability.ini]
[2022.03.28-00.42.32:831][  0]LogConfig: Setting CVar [[r.LightFunctionQuality:1]]
[2022.03.28-00.42.32:831][  0]LogConfig: Setting CVar [[r.ShadowQuality:5]]
[2022.03.28-00.42.32:831][  0]LogConfig: Setting CVar [[r.Shadow.CSM.MaxCascades:10]]
[2022.03.28-00.42.32:831][  0]LogConfig: Setting CVar [[r.Shadow.MaxResolution:2048]]
[2022.03.28-00.42.32:831][  0]LogConfig: Setting CVar [[r.Shadow.MaxCSMResolution:2048]]
[2022.03.28-00.42.32:831][  0]LogConfig: Setting CVar [[r.Shadow.RadiusThreshold:0.01]]
[2022.03.28-00.42.32:831][  0]LogConfig: Setting CVar [[r.Shadow.DistanceScale:1.0]]
[2022.03.28-00.42.32:831][  0]LogConfig: Setting CVar [[r.Shadow.CSM.TransitionScale:1.0]]
[2022.03.28-00.42.32:831][  0]LogConfig: Setting CVar [[r.Shadow.PreShadowResolutionFactor:1.0]]
[2022.03.28-00.42.32:831][  0]LogConfig: Setting CVar [[r.DistanceFieldShadowing:1]]
[2022.03.28-00.42.32:831][  0]LogConfig: Setting CVar [[r.DistanceFieldAO:1]]
[2022.03.28-00.42.32:831][  0]LogConfig: Setting CVar [[r.AOQuality:2]]
[2022.03.28-00.42.32:831][  0]LogConfig: Setting CVar [[r.VolumetricFog:1]]
[2022.03.28-00.42.32:831][  0]LogConfig: Setting CVar [[r.VolumetricFog.GridPixelSize:8]]
[2022.03.28-00.42.32:831][  0]LogConfig: Setting CVar [[r.VolumetricFog.GridSizeZ:128]]
[2022.03.28-00.42.32:831][  0]LogConfig: Setting CVar [[r.VolumetricFog.HistoryMissSupersampleCount:4]]
[2022.03.28-00.42.32:831][  0]LogConfig: Setting CVar [[r.LightMaxDrawDistanceScale:1]]
[2022.03.28-00.42.32:831][  0]LogConfig: Setting CVar [[r.CapsuleShadows:1]]
[2022.03.28-00.42.32:831][  0]LogConfig: Applying CVar settings from Section [PostProcessQuality@3] File [C:/Users/super/Documents/UnrealProjects/PentaJam/PentaJam/Saved/Config/Windows/Scalability.ini]
[2022.03.28-00.42.32:831][  0]LogConfig: Setting CVar [[r.MotionBlurQuality:4]]
[2022.03.28-00.42.32:831][  0]LogConfig: Setting CVar [[r.AmbientOcclusionMipLevelFactor:0.4]]
[2022.03.28-00.42.32:831][  0]LogConfig: Setting CVar [[r.AmbientOcclusionMaxQuality:100]]
[2022.03.28-00.42.32:831][  0]LogConfig: Setting CVar [[r.AmbientOcclusionLevels:-1]]
[2022.03.28-00.42.32:831][  0]LogConfig: Setting CVar [[r.AmbientOcclusionRadiusScale:1.0]]
[2022.03.28-00.42.32:831][  0]LogConfig: Setting CVar [[r.DepthOfFieldQuality:2]]
[2022.03.28-00.42.32:831][  0]LogConfig: Setting CVar [[r.RenderTargetPoolMin:400]]
[2022.03.28-00.42.32:831][  0]LogConfig: Setting CVar [[r.LensFlareQuality:2]]
[2022.03.28-00.42.32:831][  0]LogConfig: Setting CVar [[r.SceneColorFringeQuality:1]]
[2022.03.28-00.42.32:831][  0]LogConfig: Setting CVar [[r.EyeAdaptationQuality:2]]
[2022.03.28-00.42.32:831][  0]LogConfig: Setting CVar [[r.BloomQuality:5]]
[2022.03.28-00.42.32:831][  0]LogConfig: Setting CVar [[r.FastBlurThreshold:100]]
[2022.03.28-00.42.32:831][  0]LogConfig: Setting CVar [[r.Upscale.Quality:3]]
[2022.03.28-00.42.32:831][  0]LogConfig: Setting CVar [[r.Tonemapper.GrainQuantization:1]]
[2022.03.28-00.42.32:831][  0]LogConfig: Setting CVar [[r.LightShaftQuality:1]]
[2022.03.28-00.42.32:831][  0]LogConfig: Setting CVar [[r.Filter.SizeScale:1]]
[2022.03.28-00.42.32:831][  0]LogConfig: Setting CVar [[r.Tonemapper.Quality:5]]
[2022.03.28-00.42.32:831][  0]LogConfig: Setting CVar [[r.DOF.Gather.AccumulatorQuality:1        ; higher gathering accumulator quality]]
[2022.03.28-00.42.32:831][  0]LogConfig: Setting CVar [[r.DOF.Gather.PostfilterMethod:1          ; Median3x3 postfilering method]]
[2022.03.28-00.42.32:831][  0]LogConfig: Setting CVar [[r.DOF.Gather.EnableBokehSettings:0       ; no bokeh simulation when gathering]]
[2022.03.28-00.42.32:831][  0]LogConfig: Setting CVar [[r.DOF.Gather.RingCount:4                 ; medium number of samples when gathering]]
[2022.03.28-00.42.32:831][  0]LogConfig: Setting CVar [[r.DOF.Scatter.ForegroundCompositing:1    ; additive foreground scattering]]
[2022.03.28-00.42.32:831][  0]LogConfig: Setting CVar [[r.DOF.Scatter.BackgroundCompositing:2    ; additive background scattering]]
[2022.03.28-00.42.32:831][  0]LogConfig: Setting CVar [[r.DOF.Scatter.EnableBokehSettings:1      ; bokeh simulation when scattering]]
[2022.03.28-00.42.32:831][  0]LogConfig: Setting CVar [[r.DOF.Scatter.MaxSpriteRatio:0.1         ; only a maximum of 10% of scattered bokeh]]
[2022.03.28-00.42.32:831][  0]LogConfig: Setting CVar [[r.DOF.Recombine.Quality:1                ; cheap slight out of focus]]
[2022.03.28-00.42.32:831][  0]LogConfig: Setting CVar [[r.DOF.Recombine.EnableBokehSettings:0    ; no bokeh simulation on slight out of focus]]
[2022.03.28-00.42.32:831][  0]LogConfig: Setting CVar [[r.DOF.TemporalAAQuality:1                ; more stable temporal accumulation]]
[2022.03.28-00.42.32:831][  0]LogConfig: Setting CVar [[r.DOF.Kernel.MaxForegroundRadius:0.025]]
[2022.03.28-00.42.32:831][  0]LogConfig: Setting CVar [[r.DOF.Kernel.MaxBackgroundRadius:0.025]]
[2022.03.28-00.42.32:831][  0]LogConfig: Applying CVar settings from Section [TextureQuality@3] File [C:/Users/super/Documents/UnrealProjects/PentaJam/PentaJam/Saved/Config/Windows/Scalability.ini]
[2022.03.28-00.42.32:831][  0]LogConfig: Setting CVar [[r.Streaming.MipBias:0]]
[2022.03.28-00.42.32:831][  0]LogConfig: Setting CVar [[r.Streaming.AmortizeCPUToGPUCopy:0]]
[2022.03.28-00.42.32:831][  0]LogConfig: Setting CVar [[r.Streaming.MaxNumTexturesToStreamPerFrame:0]]
[2022.03.28-00.42.32:831][  0]LogConfig: Setting CVar [[r.Streaming.Boost:1]]
[2022.03.28-00.42.32:831][  0]LogConfig: Setting CVar [[r.MaxAnisotropy:8]]
[2022.03.28-00.42.32:831][  0]LogConfig: Setting CVar [[r.VT.MaxAnisotropy:8]]
[2022.03.28-00.42.32:831][  0]LogConfig: Setting CVar [[r.Streaming.LimitPoolSizeToVRAM:0]]
[2022.03.28-00.42.32:831][  0]LogConfig: Setting CVar [[r.Streaming.PoolSize:1000]]
[2022.03.28-00.42.32:831][  0]LogConfig: Setting CVar [[r.Streaming.MaxEffectiveScreenSize:0]]
[2022.03.28-00.42.32:831][  0]LogConfig: Applying CVar settings from Section [EffectsQuality@3] File [C:/Users/super/Documents/UnrealProjects/PentaJam/PentaJam/Saved/Config/Windows/Scalability.ini]
[2022.03.28-00.42.32:831][  0]LogConfig: Setting CVar [[r.TranslucencyLightingVolumeDim:64]]
[2022.03.28-00.42.32:831][  0]LogConfig: Setting CVar [[r.RefractionQuality:2]]
[2022.03.28-00.42.32:831][  0]LogConfig: Setting CVar [[r.SSR.Quality:3]]
[2022.03.28-00.42.32:831][  0]LogConfig: Setting CVar [[r.SSR.HalfResSceneColor:0]]
[2022.03.28-00.42.32:831][  0]LogConfig: Setting CVar [[r.SceneColorFormat:4]]
[2022.03.28-00.42.32:831][  0]LogConfig: Setting CVar [[r.DetailMode:2]]
[2022.03.28-00.42.32:831][  0]LogConfig: Setting CVar [[r.TranslucencyVolumeBlur:1]]
[2022.03.28-00.42.32:831][  0]LogConfig: Setting CVar [[r.MaterialQualityLevel:1 ; High quality]]
[2022.03.28-00.42.32:831][  0]LogConfig: Setting CVar [[r.AnisotropicMaterials:1]]
[2022.03.28-00.42.32:831][  0]LogConfig: Setting CVar [[r.SSS.Scale:1]]
[2022.03.28-00.42.32:831][  0]LogConfig: Setting CVar [[r.SSS.SampleSet:2]]
[2022.03.28-00.42.32:831][  0]LogConfig: Setting CVar [[r.SSS.Quality:1]]
[2022.03.28-00.42.32:831][  0]LogConfig: Setting CVar [[r.SSS.HalfRes:0]]
[2022.03.28-00.42.32:831][  0]LogConfig: Setting CVar [[r.SSGI.Quality:3]]
[2022.03.28-00.42.32:831][  0]LogConfig: Setting CVar [[r.EmitterSpawnRateScale:1.0]]
[2022.03.28-00.42.32:831][  0]LogConfig: Setting CVar [[r.ParticleLightQuality:2]]
[2022.03.28-00.42.32:831][  0]LogConfig: Setting CVar [[r.SkyAtmosphere.AerialPerspectiveLUT.FastApplyOnOpaque:1 ; Always have FastSkyLUT 1 in this case to avoid wrong sky]]
[2022.03.28-00.42.32:831][  0]LogConfig: Setting CVar [[r.SkyAtmosphere.AerialPerspectiveLUT.SampleCountMaxPerSlice:4]]
[2022.03.28-00.42.32:831][  0]LogConfig: Setting CVar [[r.SkyAtmosphere.AerialPerspectiveLUT.DepthResolution:16.0]]
[2022.03.28-00.42.32:832][  0]LogConfig: Setting CVar [[r.SkyAtmosphere.FastSkyLUT:1]]
[2022.03.28-00.42.32:832][  0]LogConfig: Setting CVar [[r.SkyAtmosphere.FastSkyLUT.SampleCountMin:4.0]]
[2022.03.28-00.42.32:832][  0]LogConfig: Setting CVar [[r.SkyAtmosphere.FastSkyLUT.SampleCountMax:128.0]]
[2022.03.28-00.42.32:832][  0]LogConfig: Setting CVar [[r.SkyAtmosphere.SampleCountMin:4.0]]
[2022.03.28-00.42.32:832][  0]LogConfig: Setting CVar [[r.SkyAtmosphere.SampleCountMax:128.0]]
[2022.03.28-00.42.32:832][  0]LogConfig: Setting CVar [[r.SkyAtmosphere.TransmittanceLUT.UseSmallFormat:0]]
[2022.03.28-00.42.32:832][  0]LogConfig: Setting CVar [[r.SkyAtmosphere.TransmittanceLUT.SampleCount:10.0]]
[2022.03.28-00.42.32:832][  0]LogConfig: Setting CVar [[r.SkyAtmosphere.MultiScatteringLUT.SampleCount:15.0]]
[2022.03.28-00.42.32:832][  0]LogConfig: Setting CVar [[r.SkyLight.RealTimeReflectionCapture:1]]
[2022.03.28-00.42.32:832][  0]LogConfig: Applying CVar settings from Section [FoliageQuality@3] File [C:/Users/super/Documents/UnrealProjects/PentaJam/PentaJam/Saved/Config/Windows/Scalability.ini]
[2022.03.28-00.42.32:832][  0]LogConfig: Setting CVar [[foliage.DensityScale:1.0]]
[2022.03.28-00.42.32:832][  0]LogConfig: Setting CVar [[grass.DensityScale:1.0]]
[2022.03.28-00.42.32:832][  0]LogConfig: Applying CVar settings from Section [ShadingQuality@3] File [C:/Users/super/Documents/UnrealProjects/PentaJam/PentaJam/Saved/Config/Windows/Scalability.ini]
[2022.03.28-00.42.32:832][  0]LogConfig: Setting CVar [[r.HairStrands.SkyLighting.IntegrationType:2]]
[2022.03.28-00.42.32:832][  0]LogConfig: Setting CVar [[r.HairStrands.SkyAO.SampleCount:4]]
[2022.03.28-00.42.32:832][  0]LogConfig: Setting CVar [[r.HairStrands.Visibility.MSAA.SamplePerPixel:4]]
[2022.03.28-00.42.32:832][  0]LogConfig: Applying CVar settings from Section [Startup] File [../../../Engine/Config/ConsoleVariables.ini]
[2022.03.28-00.42.32:832][  0]LogConfig: Setting CVar [[net.UseAdaptiveNetUpdateFrequency:0]]
[2022.03.28-00.42.32:832][  0]LogConfig: Setting CVar [[p.chaos.AllowCreatePhysxBodies:1]]
[2022.03.28-00.42.32:832][  0]LogConfig: Setting CVar [[fx.SkipVectorVMBackendOptimizations:1]]
[2022.03.28-00.42.32:832][  0]LogConfig: Applying CVar settings from Section [ConsoleVariables] File [C:/Users/super/Documents/UnrealProjects/PentaJam/PentaJam/Saved/Config/Windows/Engine.ini]
[2022.03.28-00.42.32:832][  0]LogConfig: Applying CVar settings from Section [ConsoleVariables] File [C:/Users/super/Documents/UnrealProjects/PentaJam/PentaJam/Saved/Config/Windows/Editor.ini]
[2022.03.28-00.42.32:832][  0]LogInit: Computer: DESKTOP-DBQ9SKC
[2022.03.28-00.42.32:832][  0]LogInit: User: super
[2022.03.28-00.42.32:832][  0]LogInit: CPU Page size=4096, Cores=6
[2022.03.28-00.42.32:832][  0]LogInit: High frequency timer resolution =10.000000 MHz
[2022.03.28-00.42.32:832][  0]LogMemory: Memory total: Physical=31.9GB (32GB approx)
[2022.03.28-00.42.32:832][  0]LogMemory: Platform Memory Stats for Windows
[2022.03.28-00.42.32:832][  0]LogMemory: Process Physical Memory: 146.53 MB used, 146.54 MB peak
[2022.03.28-00.42.32:832][  0]LogMemory: Process Virtual Memory: 129.25 MB used, 129.25 MB peak
[2022.03.28-00.42.32:832][  0]LogMemory: Physical Memory: 17419.53 MB used,  15271.87 MB free, 32691.40 MB total
[2022.03.28-00.42.32:832][  0]LogMemory: Virtual Memory: 134202560.00 MB used,  15166.04 MB free, 134217728.00 MB total
[2022.03.28-00.42.32:836][  0]LogWindows: WindowsPlatformFeatures enabled
[2022.03.28-00.42.32:874][  0]LogInit: Physics initialised using underlying interface: PhysX
[2022.03.28-00.42.32:875][  0]LogInit: Using OS detected language (en-US).
[2022.03.28-00.42.32:875][  0]LogInit: Using OS detected locale (en-US).
[2022.03.28-00.42.32:883][  0]LogTextLocalizationManager: No specific localization for 'en-US' exists, so the 'en' localization will be used.
[2022.03.28-00.42.33:057][  0]LogInit: Setting process to per monitor DPI aware
[2022.03.28-00.42.33:069][  0]LogWindowsTextInputMethodSystem: Display: IME system deactivated.
[2022.03.28-00.42.33:089][  0]LogSlate: New Slate User Created.  User Index 0, Is Virtual User: 0
[2022.03.28-00.42.33:089][  0]LogSlate: Slate User Registered.  User Index 0, Is Virtual User: 0
[2022.03.28-00.42.33:220][  0]LogD3D11RHI: Loaded GFSDK_Aftermath_Lib.x64.dll
[2022.03.28-00.42.33:244][  0]LogHMD: Optional extension XR_VARJO_quad_views is not available
[2022.03.28-00.42.33:244][  0]LogHMD: Warning: Required extension XR_EXT_eye_gaze_interaction is not available
[2022.03.28-00.42.33:245][  0]LogHMD: Could not enable all required OpenXR extensions for OpenXREyeTracker on current system. This plugin will be loaded but ignored, but will be enabled on a target platform that supports the required extension.
[2022.03.28-00.42.33:746][  0]LogHMD: Failed to get an OpenXR system, result is XR_ERROR_FORM_FACTOR_UNAVAILABLE. Please check that your runtime supports VR headsets.
[2022.03.28-00.42.33:746][  0]LogD3D11RHI: D3D11 min allowed feature level: 11_0
[2022.03.28-00.42.33:746][  0]LogD3D11RHI: D3D11 max allowed feature level: 11_0
[2022.03.28-00.42.33:746][  0]LogD3D11RHI: D3D11 adapters:
[2022.03.28-00.42.33:824][  0]LogD3D11RHI:    0. 'NVIDIA GeForce RTX 3070' (Feature Level 11_0)
[2022.03.28-00.42.33:824][  0]LogD3D11RHI:       8043/0/16345 MB DedicatedVideo/DedicatedSystem/SharedSystem, Outputs:2, VendorId:0x10de
[2022.03.28-00.42.33:826][  0]LogD3D11RHI:    1. 'Microsoft Basic Render Driver' (Feature Level 11_0)
[2022.03.28-00.42.33:826][  0]LogD3D11RHI:       0/0/16345 MB DedicatedVideo/DedicatedSystem/SharedSystem, Outputs:0, VendorId:0x1414
[2022.03.28-00.42.33:826][  0]LogD3D11RHI: Chosen D3D11 Adapter:
[2022.03.28-00.42.33:826][  0]LogD3D11RHI:     Description : NVIDIA GeForce RTX 3070
[2022.03.28-00.42.33:826][  0]LogD3D11RHI:     VendorId    : 10de
[2022.03.28-00.42.33:826][  0]LogD3D11RHI:     DeviceId    : 2488
[2022.03.28-00.42.33:826][  0]LogD3D11RHI:     SubSysId    : 404d1458
[2022.03.28-00.42.33:826][  0]LogD3D11RHI:     Revision    : 00a1
[2022.03.28-00.42.33:826][  0]LogD3D11RHI:     DedicatedVideoMemory : 8433696768 bytes
[2022.03.28-00.42.33:826][  0]LogD3D11RHI:     DedicatedSystemMemory : 0 bytes
[2022.03.28-00.42.33:826][  0]LogD3D11RHI:     SharedSystemMemory : 17139707904 bytes
[2022.03.28-00.42.33:826][  0]LogD3D11RHI:     AdapterLuid : 0 70257
[2022.03.28-00.42.33:834][  0]LogD3D11RHI: Creating new Direct3DDevice
[2022.03.28-00.42.33:834][  0]LogD3D11RHI:     GPU DeviceId: 0x2488 (for the marketing name, search the web for "GPU Device Id")
[2022.03.28-00.42.33:834][  0]LogWindows: EnumDisplayDevices:
[2022.03.28-00.42.33:834][  0]LogWindows:    0. 'NVIDIA GeForce RTX 3070' (P:1 D:1)
[2022.03.28-00.42.33:834][  0]LogWindows:    1. 'NVIDIA GeForce RTX 3070' (P:0 D:1)
[2022.03.28-00.42.33:834][  0]LogWindows:    2. 'NVIDIA GeForce RTX 3070' (P:0 D:0)
[2022.03.28-00.42.33:835][  0]LogWindows:    3. 'NVIDIA GeForce RTX 3070' (P:0 D:0)
[2022.03.28-00.42.33:835][  0]LogWindows: DebugString: FoundDriverCount:4 
[2022.03.28-00.42.33:835][  0]LogD3D11RHI:     Adapter Name: NVIDIA GeForce RTX 3070
[2022.03.28-00.42.33:835][  0]LogD3D11RHI:   Driver Version: 496.49 (internal:30.0.14.9649, unified:496.49)
[2022.03.28-00.42.33:835][  0]LogD3D11RHI:      Driver Date: 10-20-2021
[2022.03.28-00.42.33:835][  0]LogRHI: Texture pool is 5630 MB (70% of 8043 MB)
[2022.03.28-00.42.33:835][  0]LogD3D11RHI: Creating D3DDevice using adapter:
[2022.03.28-00.42.33:835][  0]LogD3D11RHI:     Description : NVIDIA GeForce RTX 3070
[2022.03.28-00.42.33:835][  0]LogD3D11RHI:     VendorId    : 10de
[2022.03.28-00.42.33:835][  0]LogD3D11RHI:     DeviceId    : 2488
[2022.03.28-00.42.33:835][  0]LogD3D11RHI:     SubSysId    : 404d1458
[2022.03.28-00.42.33:835][  0]LogD3D11RHI:     Revision    : 00a1
[2022.03.28-00.42.33:835][  0]LogD3D11RHI:     DedicatedVideoMemory : 8433696768 bytes
[2022.03.28-00.42.33:835][  0]LogD3D11RHI:     DedicatedSystemMemory : 0 bytes
[2022.03.28-00.42.33:835][  0]LogD3D11RHI:     SharedSystemMemory : 17139707904 bytes
[2022.03.28-00.42.33:835][  0]LogD3D11RHI:     AdapterLuid : 0 70257
[2022.03.28-00.42.33:883][  0]LogD3D11RHI: RHI has support for 64 bit atomics
[2022.03.28-00.42.33:883][  0]LogD3D11RHI: Async texture creation enabled
[2022.03.28-00.42.33:883][  0]LogD3D11RHI: Array index from any shader is supported
[2022.03.28-00.42.33:905][  0]LogD3D11RHI: GPU Timing Frequency: 1000.000000 (Debug: 2 1)
[2022.03.28-00.42.33:918][  0]LogRHI: GeForceNow SDK initialized: 1
[2022.03.28-00.42.34:173][  0]LogTargetPlatformManager: Display: Loaded TargetPlatform 'AllDesktop'
[2022.03.28-00.42.34:196][  0]LogTargetPlatformManager: Display: Loaded TargetPlatform 'Android'
[2022.03.28-00.42.34:196][  0]LogTargetPlatformManager: Display: Loaded TargetPlatform 'Android_ASTC'
[2022.03.28-00.42.34:196][  0]LogTargetPlatformManager: Display: Loaded TargetPlatform 'Android_DXT'
[2022.03.28-00.42.34:196][  0]LogTargetPlatformManager: Display: Loaded TargetPlatform 'Android_ETC2'
[2022.03.28-00.42.34:196][  0]LogTargetPlatformManager: Display: Loaded TargetPlatform 'AndroidClient'
[2022.03.28-00.42.34:196][  0]LogTargetPlatformManager: Display: Loaded TargetPlatform 'Android_ASTCClient'
[2022.03.28-00.42.34:196][  0]LogTargetPlatformManager: Display: Loaded TargetPlatform 'Android_DXTClient'
[2022.03.28-00.42.34:196][  0]LogTargetPlatformManager: Display: Loaded TargetPlatform 'Android_ETC2Client'
[2022.03.28-00.42.34:196][  0]LogTargetPlatformManager: Display: Loaded TargetPlatform 'Android_Multi'
[2022.03.28-00.42.34:196][  0]LogTargetPlatformManager: Display: Loaded TargetPlatform 'Android_MultiClient'
[2022.03.28-00.42.34:213][  0]LogTargetPlatformManager: Display: Loaded TargetPlatform 'IOSClient'
[2022.03.28-00.42.34:213][  0]LogTargetPlatformManager: Display: Loaded TargetPlatform 'IOS'
[2022.03.28-00.42.34:221][  0]LogTargetPlatformManager: Display: Loaded TargetPlatform 'Linux'
[2022.03.28-00.42.34:225][  0]LogTargetPlatformManager: Display: Loaded TargetPlatform 'LinuxNoEditor'
[2022.03.28-00.42.34:228][  0]LogTargetPlatformManager: Display: Loaded TargetPlatform 'LinuxClient'
[2022.03.28-00.42.34:231][  0]LogTargetPlatformManager: Display: Loaded TargetPlatform 'LinuxServer'
[2022.03.28-00.42.34:240][  0]LogTargetPlatformManager: Display: Loaded TargetPlatform 'LinuxAArch64NoEditor'
[2022.03.28-00.42.34:244][  0]LogTargetPlatformManager: Display: Loaded TargetPlatform 'LinuxAArch64Client'
[2022.03.28-00.42.34:247][  0]LogTargetPlatformManager: Display: Loaded TargetPlatform 'LinuxAArch64Server'
[2022.03.28-00.42.34:268][  0]LogTargetPlatformManager: Display: Loaded TargetPlatform 'Lumin'
[2022.03.28-00.42.34:268][  0]LogTargetPlatformManager: Display: Loaded TargetPlatform 'LuminClient'
[2022.03.28-00.42.34:275][  0]LogTargetPlatformManager: Display: Loaded TargetPlatform 'MacNoEditor'
[2022.03.28-00.42.34:278][  0]LogTargetPlatformManager: Display: Loaded TargetPlatform 'Mac'
[2022.03.28-00.42.34:282][  0]LogTargetPlatformManager: Display: Loaded TargetPlatform 'MacClient'
[2022.03.28-00.42.34:286][  0]LogTargetPlatformManager: Display: Loaded TargetPlatform 'MacServer'
[2022.03.28-00.42.34:295][  0]LogTargetPlatformManager: Display: Loaded TargetPlatform 'TVOSClient'
[2022.03.28-00.42.34:295][  0]LogTargetPlatformManager: Display: Loaded TargetPlatform 'TVOS'
[2022.03.28-00.42.34:302][  0]LogTargetPlatformManager: Display: Loaded TargetPlatform 'WindowsNoEditor'
[2022.03.28-00.42.34:306][  0]LogTargetPlatformManager: Display: Loaded TargetPlatform 'Windows'
[2022.03.28-00.42.34:309][  0]LogTargetPlatformManager: Display: Loaded TargetPlatform 'WindowsClient'
[2022.03.28-00.42.34:313][  0]LogTargetPlatformManager: Display: Loaded TargetPlatform 'WindowsServer'
[2022.03.28-00.42.34:313][  0]LogTargetPlatformManager: Display: Building Assets For Windows
[2022.03.28-00.42.34:318][  0]LogAudioDebug: Display: Lib vorbis DLL was dynamically loaded.
[2022.03.28-00.42.34:342][  0]LogTextureFormatOodle: Display: Oodle Texture 2.9.0 init RDO Off
[2022.03.28-00.42.34:365][  0]LogRendererCore: Ray tracing is disabled. Reason: r.RayTracing=0.
[2022.03.28-00.42.34:365][  0]LogShaderCompilers: Guid format shader working directory is -27 characters bigger than the processId version (../../../../../../Users/super/Documents/UnrealProjects/PentaJam/PentaJam/Intermediate/Shaders/WorkingDirectory/17752/).
[2022.03.28-00.42.34:365][  0]LogShaderCompilers: Cleaned the shader compiler working directory 'C:/Users/super/AppData/Local/Temp/UnrealShaderWorkingDir/8F5CE99D42B01EFEC9BBE7A50425ACF0/'.
[2022.03.28-00.42.34:365][  0]LogXGEController: Cannot use XGE Controller as Incredibuild is not installed on this machine.
[2022.03.28-00.42.34:365][  0]LogShaderCompilers: Cannot use XGE Shader Compiler as Incredibuild is not installed on this machine.
[2022.03.28-00.42.34:365][  0]LogShaderCompilers: Display: Using Local Shader Compiler.
[2022.03.28-00.42.34:916][  0]LogDerivedDataCache: Display: Max Cache Size: 512 MB
[2022.03.28-00.42.34:972][  0]LogDerivedDataCache: Loaded boot cache 0.06s 94MB C:/Users/super/AppData/Local/UnrealEngine/4.27/DerivedDataCache/Boot.ddc.
[2022.03.28-00.42.34:972][  0]LogDerivedDataCache: Display: Loaded Boot cache: C:/Users/super/AppData/Local/UnrealEngine/4.27/DerivedDataCache/Boot.ddc
[2022.03.28-00.42.34:972][  0]LogDerivedDataCache: FDerivedDataBackendGraph:  Pak pak cache file ../../../../../../Users/super/Documents/UnrealProjects/PentaJam/PentaJam/DerivedDataCache/DDC.ddp not found, will not use a pak cache.
[2022.03.28-00.42.34:972][  0]LogDerivedDataCache: Unable to find inner node Pak for hierarchical cache Hierarchy.
[2022.03.28-00.42.34:972][  0]LogDerivedDataCache: FDerivedDataBackendGraph:  CompressedPak pak cache file ../../../../../../Users/super/Documents/UnrealProjects/PentaJam/PentaJam/DerivedDataCache/Compressed.ddp not found, will not use a pak cache.
[2022.03.28-00.42.34:972][  0]LogDerivedDataCache: Unable to find inner node CompressedPak for hierarchical cache Hierarchy.
[2022.03.28-00.42.34:987][  0]LogDerivedDataCache: Display: Pak cache opened for reading ../../../Engine/DerivedDataCache/Compressed.ddp.
[2022.03.28-00.42.34:987][  0]LogDerivedDataCache: FDerivedDataBackendGraph:  EnterprisePak pak cache file ../../../Enterprise/DerivedDataCache/Compressed.ddp not found, will not use a pak cache.
[2022.03.28-00.42.34:987][  0]LogDerivedDataCache: Unable to find inner node EnterprisePak for hierarchical cache Hierarchy.
[2022.03.28-00.42.34:996][  0]LogDerivedDataCache: Speed tests for C:/Users/super/AppData/Local/UnrealEngine/Common/DerivedDataCache took 0.01 seconds
[2022.03.28-00.42.34:996][  0]LogDerivedDataCache: Display: Performance to C:/Users/super/AppData/Local/UnrealEngine/Common/DerivedDataCache: Latency=0.02ms. RandomReadSpeed=392.80MBs, RandomWriteSpeed=152.69MBs. Assigned SpeedClass 'Local'
[2022.03.28-00.42.34:996][  0]LogDerivedDataCache: Using Local data cache path C:/Users/super/AppData/Local/UnrealEngine/Common/DerivedDataCache: Writable
[2022.03.28-00.42.34:997][  0]LogDerivedDataCache: Shared data cache path not found in *engine.ini, will not use an Shared cache.
[2022.03.28-00.42.34:997][  0]LogDerivedDataCache: Unable to find inner node Shared for hierarchical cache Hierarchy.
[2022.03.28-00.42.35:034][  0]LogSlate: Using FreeType 2.10.0
[2022.03.28-00.42.35:034][  0]LogSlate: SlateFontServices - WITH_FREETYPE: 1, WITH_HARFBUZZ: 1
[2022.03.28-00.42.35:535][  0]LogHMD: Failed to get an OpenXR system, result is XR_ERROR_FORM_FACTOR_UNAVAILABLE. Please check that your runtime supports VR headsets.
[2022.03.28-00.42.35:554][  0]LogAssetRegistry: FAssetRegistry took 0.0025 seconds to start up
[2022.03.28-00.42.35:735][  0]LogInit: Selected Device Profile: [Windows]
[2022.03.28-00.42.35:735][  0]LogInit: Active device profile: [0000029A75407200][0000029A72B80AC0 49] Windows
[2022.03.28-00.42.35:735][  0]LogInit: Profiles: [0000029A75407200][0000029A72B80AC0 49] Windows, [0000029A75369000][0000029A6ED06C40 49] WindowsNoEditor, [0000029A75405000][0000029A6ED0EDC0 49] WindowsServer, [0000029A7536A900][0000029A6ED1AF40 49] WindowsClient, [0000029A75406800][0000029A76A750C0 49] IOS, [0000029A75369A00][0000029A76A79240 49] iPadAir, [0000029A75405900][0000029A76A813C0 49] iPadAir2, [0000029A761DF700][0000029A76A8D680 49] IPadPro, [0000029A761DF800][0000029A76A896C0 49] iPadAir3, [0000029A75406100][0000029A7423F840 49] iPadAir4, [0000029A761DD500][0000029A742439C0 49] iPadMini2, [0000029A75406E00][0000029A74247B40 49] iPadMini3, [0000029A761DE300][0000029A7424A140 49] iPadMini4, [0000029A75405100][0000029A71CD82C0 49] iPadMini5, [0000029A76237000][0000029A71CE0580 49] iPhone6, [0000029A76237100][0000029A71CDC5C0 49] iPodTouch6, [0000029A761DC700][0000029A762BE880 49] iPhone7, [0000029A761DC600][0000029A762BA8C0 49] iPodTouch7, [0000029A76235400][0000029A6ED02A00 49] iPhone5S, [0000029A761DE100][0000029A762F2B40 49] iPhone6Plus, [0000029A76236400][0000029A76332C80 49] iPhone6S, [0000029A761DED00][0000029A76516DC0 49] iPhone6SPlus, [0000029A76237A00][0000029A7655EF40 49] iPhone7Plus, [0000029A761DFE00][0000029A765630C0 49] iPhoneSE, [0000029A76235700][0000029A76567240 49] iPhone8, [0000029A761DDE00][0000029A7656B3C0 49] iPhone8Plus, [0000029A76236300][0000029A767AB540 49] iPhoneX, [0000029A761DF000][0000029A767AF6C0 49] iPhoneXS, [0000029A76237400][0000029A767B3840 49] iPhoneXSMax, [0000029A761DEB00][0000029A767B79C0 49] iPhoneXR, [0000029A76234100][0000029A767BBB40 49] iPhone11, [0000029A761DE000][0000029A767BE140 49] iPhone11Pro, [0000029A76235200][0000029A767C22C0 49] iPhone11ProMax, [0000029A761DC100][0000029A767C6440 49] iPhoneSE2, [0000029A76235600][0000029A72B905C0 49] iPhone12Mini, [0000029A761DEA00][0000029A72BCE740 49] iPhone12, [0000029A76236200][0000029A767CA8C0 49] iPhone12Pro, [0000029A761DD900][0000029A767E2A40 49] iPhone12ProMax, [0000029A76237900][0000029A7655AB80 49] iPadPro105, [0000029A761DC400][0000029A76616CC0 49] iPadPro129, [0000029A76234C00][0000029A7661AE00 49] iPadPro97, [0000029A761DD100][0000029A7661EF40 49] iPadPro2_129, [0000029A76236700][0000029A766270C0 49] iPad5, [0000029A761DCB00][0000029A76669240 49] iPad6, [0000029A76234300][0000029A7666D3C0 49] iPad7, [0000029A761DCE00][0000029A76671540 49] iPad8, [0000029A76234D00][0000029A766796C0 49] iPadPro11, [0000029A761DDD00][0000029A7667D840 49] iPadPro2_11, [0000029A76237200][0000029A71C979C0 49] iPadPro3_129, [0000029A761DDA00][0000029A72BDFB40 49] iPadPro4_129, [0000029A76237F00][0000029A72BE2140 49] AppleTV, [0000029A761DF600][0000029A72BE62C0 49] AppleTV4K, [0000029A76236E00][0000029A76674440 49] TVOS, [0000029A761DE600][0000029A7662A5C0 49] Mac, [0000029A76234700][0000029A72BF6740 49] MacClient, [0000029A761DD300][0000029A72BFA8C0 49] MacNoEditor, [0000029A76236F00][0000029A72BFEA40 49] MacServer, [0000029A7557A700][0000029A71CB0BC0 49] Linux, [0000029A7536B600][0000029A71CB4D40 49] LinuxAArch64, [0000029A75579100][0000029A76622E80 49] LinuxNoEditor, [0000029A7536AF00][0000029A76556FC0 49] LinuxAArch64NoEditor, [0000029A75579B00][0000029A76A7D100 49] LinuxClient, [0000029A7536B900][0000029A71CB9280 49] LinuxAArch64Client, [0000029A75579900][0000029A71CBD400 49] LinuxServer, [0000029A7536B400][0000029A71CC1580 49] LinuxAArch64Server, [0000029A75578400][0000029A71CC5700 49] Android, [0000029A7536A800][0000029A71CC9880 49] Android_Low, [0000029A75579800][0000029A71CCDA00 49] Android_Mid, [0000029A75368400][0000029A71CD1B80 49] Android_High, [0000029A75579700][0000029A71CD4180 49] Android_Default, [0000029A75369C00][0000029A741F6300 49] Android_Adreno4xx, [0000029A75579400][0000029A741FA480 49] Android_Adreno5xx_Low, [0000029A7536AB00][0000029A741FE600 49] Android_Adreno5xx, [0000029A75579E00][0000029A74202780 49] Android_Adreno6xx, [0000029A7536B700][0000029A74206900 49] Android_Adreno6xx_Vulkan, [0000029A76235900][0000029A7420AA80 49] Android_Mali_T6xx, [0000029A761DFC00][0000029A7420EC00 49] Android_Mali_T7xx, [0000029A76235B00][0000029A74212D80 49] Android_Mali_T8xx, [0000029A761DCA00][0000029A74216F00 49] Android_Mali_G71, [0000029A76237700][0000029A76A85040 49] Android_Mali_G72, [0000029A761DF500][0000029A7421B180 49] Android_Mali_G72_Vulkan, [0000029A76234E00][0000029A6F2232C0 49] Android_Mali_G76, [0000029A761DE800][0000029A6F22B440 49] Android_Mali_G76_Vulkan, [0000029A76237C00][0000029A6F22F5C0 49] Android_Mali_G77, [0000029A761DE700][0000029A6F233740 49] Android_Mali_G77_Vulkan, [0000029A7557A100][0000029A6F2378C0 49] Android_Mali_G78, [0000029A761DD400][0000029A6F23BA40 49] Android_Mali_G78_Vulkan, [0000029A7557A400][0000029A6F23FBC0 49] Android_Mali_G710, [0000029A761DF200][0000029A6F2421C0 49] Android_Mali_G710_Vulkan, [0000029A75578F00][0000029A6F246340 49] Android_Vulkan_SM5, [0000029A761DD000][0000029A6F24A4C0 49] Android_PowerVR_G6xxx, [0000029A75579C00][0000029A76572640 49] Android_PowerVR_GT7xxx, [0000029A761DD700][0000029A765767C0 49] Android_PowerVR_GE8xxx, [0000029A7557A200][0000029A7657A940 49] Android_PowerVR_GM9xxx, [0000029A761DD600][0000029A7657EAC0 49] Android_PowerVR_GM9xxx_Vulkan, [0000029A75578B00][0000029A76582C40 49] Android_TegraK1, [0000029A761DC200][0000029A76586DC0 49] Android_Unknown_Vulkan, [0000029A75579500][0000029A7658AF40 49] Lumin, [0000029A761DC900][0000029A7658F0C0 49] Lumin_Desktop, [0000029A76235100][0000029A6F227200 49] HoloLens, 
[2022.03.28-00.42.35:826][  0]LogMeshReduction: Using QuadricMeshReduction for automatic static mesh reduction
[2022.03.28-00.42.35:826][  0]LogMeshReduction: Using SimplygonMeshReduction for automatic skeletal mesh reduction
[2022.03.28-00.42.35:826][  0]LogMeshReduction: Using ProxyLODMeshReduction for automatic mesh merging
[2022.03.28-00.42.35:826][  0]LogMeshReduction: No distributed automatic mesh merging module available
[2022.03.28-00.42.35:826][  0]LogMeshMerging: No distributed automatic mesh merging module available
[2022.03.28-00.42.35:839][  0]LogNetVersion: PentaJam 1.0.0, NetCL: 17155196, EngineNetVer: 17, GameNetVer: 0 (Checksum: 3341594846)
[2022.03.28-00.42.36:115][  0]LogTexture: Default maximum texture size for cubemaps generated from long-lat sources has been changed from 512 to unlimited. In order to preserve old behaiour for '/Engine/MapTemplates/Sky/DaylightAmbientCubemap.DaylightAmbientCubemap', its maximum texture size has been explicitly set to 512.
[2022.03.28-00.42.36:162][  0]LogHMD: PokeAHoleMaterial loaded successfully
[2022.03.28-00.42.36:167][  0]LogUObjectArray: 17075 objects as part of root set at end of initial load.
[2022.03.28-00.42.36:167][  0]LogUObjectAllocator: 4275792 out of 0 bytes used by permanent object pool.
[2022.03.28-00.42.36:167][  0]LogUObjectArray: CloseDisregardForGC: 0/0 objects in disregard for GC pool
[2022.03.28-00.42.36:371][  0]LogNiagaraDebuggerClient: Niagara Debugger Client Initialized | Session: 890924CD4A4D72ABE92055B9AD1269BE | Instance: 3EB358454DFC8BE190BB599274910EDE (DESKTOP-DBQ9SKC-17752).
[2022.03.28-00.42.36:459][  0]LogPython: Using Python 3.7.7
[2022.03.28-00.42.36:850][  0]LogTcpMessaging: Initializing TcpMessaging bridge
[2022.03.28-00.42.36:853][  0]LogUdpMessaging: Initializing bridge on interface 0.0.0.0:0 to multicast group 230.0.0.1:6666.
[2022.03.28-00.42.37:779][  0]LogWindows: Error: === Critical error: ===
[2022.03.28-00.42.37:779][  0]LogWindows: Error: 
[2022.03.28-00.42.37:779][  0]LogWindows: Error: Fatal error!
[2022.03.28-00.42.37:779][  0]LogWindows: Error: 
[2022.03.28-00.42.37:779][  0]LogWindows: Error: Unhandled Exception: EXCEPTION_ACCESS_VIOLATION reading address 0x0000000000000000
[2022.03.28-00.42.37:779][  0]LogWindows: Error: 
[2022.03.28-00.42.37:779][  0]LogWindows: Error: [Callstack] 0x00007ffcc0db2f1f UE4Editor-PentaJam-5373.dll!APentaJamPawn::APentaJamPawn() [C:\Users\super\Documents\UnrealProjects\PentaJam\PentaJam\Source\PentaJam\PentaJamPawn.cpp:28]
[2022.03.28-00.42.37:779][  0]LogWindows: Error: [Callstack] 0x000000d27097a900 UnknownFunction []
[2022.03.28-00.42.37:779][  0]LogWindows: Error: 
[2022.03.28-00.42.37:786][  0]LogExit: Executing StaticShutdownAfterError
[2022.03.28-00.42.37:786][  0]LogWindows: FPlatformMisc::RequestExit(1)
[2022.03.28-00.42.37:787][  0]LogWindows: FPlatformMisc::RequestExitWithStatus(1, 3)
[2022.03.28-00.42.37:787][  0]LogCore: Engine exit requested (reason: Win RequestExit)
[2022.03.28-00.42.37:795][  0]Log file closed, 03/27/22 19:42:37
