Log file open, 03/27/22 19:42:54
LogWindows: Failed to load 'aqProf.dll' (GetLastError=126)
LogWindows: File 'aqProf.dll' does not exist
LogWindows: Failed to load 'VtuneApi.dll' (GetLastError=126)
LogWindows: File 'VtuneApi.dll' does not exist
LogWindows: Failed to load 'VtuneApi32e.dll' (GetLastError=126)
LogWindows: File 'VtuneApi32e.dll' does not exist
LogConsoleResponse: Display: Failed to find resolution value strings in scalability ini. Falling back to default.
LogConsoleResponse: Display: Failed to find resolution value strings in scalability ini. Falling back to default.
LogInit: Display: Running engine for game: PentaJam
LogPlatformFile: Not using cached read wrapper
LogTaskGraph: Started task graph with 5 named threads and 35 total threads with 3 sets of task threads.
LogStats: Stats thread started at 0.198104
LogICUInternationalization: ICU TimeZone Detection - Raw Offset: -6:00, Platform Override: ''
LogInit: Display: Loading text-based GConfig....
LogPluginManager: Mounting plugin MeshPainting
LogPluginManager: Mounting plugin XGEController
LogPluginManager: Mounting plugin Paper2D
LogPluginManager: Mounting plugin AISupport
LogPluginManager: Mounting plugin EnvironmentQueryEditor
LogPluginManager: Mounting plugin LightPropagationVolume
LogPluginManager: Mounting plugin CameraShakePreviewer
LogPluginManager: Mounting plugin GameplayCameras
LogPluginManager: Mounting plugin LiveLink
LogPluginManager: Mounting plugin OodleData
LogPluginManager: Mounting plugin AnimationSharing
LogPluginManager: Mounting plugin OodleNetwork
LogPluginManager: Mounting plugin CLionSourceCodeAccess
LogPluginManager: Mounting plugin CodeLiteSourceCodeAccess
LogPluginManager: Mounting plugin GitSourceControl
LogPluginManager: Mounting plugin NullSourceCodeAccess
LogPluginManager: Mounting plugin PixWinPlugin
LogPluginManager: Mounting plugin PerforceSourceControl
LogPluginManager: Mounting plugin PlasticSourceControl
LogPluginManager: Mounting plugin PropertyAccessNode
LogPluginManager: Mounting plugin PluginUtils
LogPluginManager: Mounting plugin RiderSourceCodeAccess
LogPluginManager: Mounting plugin SubversionSourceControl
LogPluginManager: Mounting plugin UObjectPlugin
LogPluginManager: Mounting plugin VisualStudioSourceCodeAccess
LogPluginManager: Mounting plugin VisualStudioCodeSourceCodeAccess
LogPluginManager: Mounting plugin XCodeSourceCodeAccess
LogPluginManager: Mounting plugin DatasmithContent
LogPluginManager: Mounting plugin AssetManagerEditor
LogPluginManager: Mounting plugin Niagara
LogPluginManager: Mounting plugin CryptoKeys
LogPluginManager: Mounting plugin CurveEditorTools
LogPluginManager: Mounting plugin DataValidation
LogPluginManager: Mounting plugin FacialAnimation
LogPluginManager: Mounting plugin GeometryMode
LogPluginManager: Mounting plugin VariantManagerContent
LogPluginManager: Mounting plugin MaterialAnalyzer
LogPluginManager: Mounting plugin TextureFormatOodle
LogPluginManager: Mounting plugin MacGraphicsSwitching
LogPluginManager: Mounting plugin MobileLauncherProfileWizard
LogPluginManager: Mounting plugin PluginBrowser
LogPluginManager: Mounting plugin LuminPlatformFeatures
LogPluginManager: Mounting plugin MagicLeap
LogPluginManager: Mounting plugin MagicLeapLightEstimation
LogPluginManager: Mounting plugin MagicLeapMedia
LogPluginManager: Mounting plugin MagicLeapPassableWorld
LogPluginManager: Mounting plugin MLSDK
LogPluginManager: Mounting plugin AlembicImporter
LogPluginManager: Mounting plugin AutomationUtils
LogPluginManager: Mounting plugin BackChannel
LogPluginManager: Mounting plugin SpeedTreeImporter
LogPluginManager: Mounting plugin ChaosClothEditor
LogPluginManager: Mounting plugin ChaosEditor
LogPluginManager: Mounting plugin ChaosNiagara
LogPluginManager: Mounting plugin ChaosSolverPlugin
LogPluginManager: Mounting plugin ChaosCloth
LogPluginManager: Mounting plugin CharacterAI
LogPluginManager: Mounting plugin GameplayTagsEditor
LogPluginManager: Mounting plugin GeometryCollectionPlugin
LogPluginManager: Mounting plugin TcpMessaging
LogPluginManager: Mounting plugin UdpMessaging
LogPluginManager: Mounting plugin AndroidMedia
LogPluginManager: Mounting plugin GeometryCache
LogPluginManager: Mounting plugin AvfMedia
LogPluginManager: Mounting plugin ImgMedia
LogPluginManager: Mounting plugin MediaCompositing
LogPluginManager: Mounting plugin GeometryProcessing
LogPluginManager: Mounting plugin MediaPlayerEditor
LogPluginManager: Mounting plugin WmfMedia
LogPluginManager: Mounting plugin MotoSynth
LogPluginManager: Mounting plugin WebMMedia
LogPluginManager: Mounting plugin OpenImageDenoise
LogPluginManager: Mounting plugin ProxyLODPlugin
LogPluginManager: Mounting plugin PythonScriptPlugin
LogPluginManager: Mounting plugin PlanarCut
LogPluginManager: Mounting plugin PlatformCrypto
LogPluginManager: Mounting plugin SkeletalReduction
LogPluginManager: Mounting plugin MatineeToLevelSequence
LogPluginManager: Mounting plugin LevelSequenceEditor
LogPluginManager: Mounting plugin TemplateSequence
LogPluginManager: Mounting plugin OnlineSubsystem
LogPluginManager: Mounting plugin ActorSequence
LogPluginManager: Mounting plugin OnlineSubsystemNull
LogPluginManager: Mounting plugin LauncherChunkInstaller
LogPluginManager: Mounting plugin OnlineSubsystemUtils
LogPluginManager: Mounting plugin ActorLayerUtilities
LogPluginManager: Mounting plugin AndroidMoviePlayer
LogPluginManager: Mounting plugin AndroidPermission
LogPluginManager: Mounting plugin AppleImageUtils
LogPluginManager: Mounting plugin AppleMoviePlayer
LogPluginManager: Mounting plugin AssetTags
LogPluginManager: Mounting plugin ArchVisCharacter
LogPluginManager: Mounting plugin AudioSynesthesia
LogPluginManager: Mounting plugin CableComponent
LogPluginManager: Mounting plugin ChunkDownloader
LogPluginManager: Mounting plugin CustomMeshComponent
LogPluginManager: Mounting plugin EditableMesh
LogPluginManager: Mounting plugin ExampleDeviceProfileSelector
LogPluginManager: Mounting plugin AudioCapture
LogPluginManager: Mounting plugin GoogleCloudMessaging
LogPluginManager: Mounting plugin GooglePAD
LogPluginManager: Mounting plugin KDevelopSourceCodeAccess
LogPluginManager: Mounting plugin ScreenshotTools
LogPluginManager: Mounting plugin AndroidDeviceProfileSelector
LogPluginManager: Mounting plugin LinuxDeviceProfileSelector
LogPluginManager: Mounting plugin IOSDeviceProfileSelector
LogPluginManager: Mounting plugin LocationServicesBPLibrary
LogPluginManager: Mounting plugin MobilePatchingUtils
LogPluginManager: Mounting plugin OpenXR
LogPluginManager: Mounting plugin OpenXREyeTracker
LogPluginManager: Mounting plugin PhysXVehicles
LogPluginManager: Mounting plugin Takes
LogPluginManager: Mounting plugin PostSplashScreen
LogPluginManager: Mounting plugin PropertyAccessEditor
LogPluginManager: Mounting plugin ProceduralMeshComponent
LogPluginManager: Mounting plugin OpenXRHandTracking
LogPluginManager: Mounting plugin RuntimePhysXCooking
LogPluginManager: Mounting plugin SignificanceManager
LogPluginManager: Mounting plugin SoundFields
LogPluginManager: Mounting plugin WebMMoviePlayer
LogPluginManager: Mounting plugin WindowsMoviePlayer
LogPluginManager: Mounting plugin Synthesis
LogPluginManager: Mounting plugin ContentBrowserFileDataSource
LogPluginManager: Mounting plugin ContentBrowserClassDataSource
LogPluginManager: Mounting plugin ContentBrowserAssetDataSource
LogPluginManager: Mounting plugin OnlineSubsystemIOS
LogPluginManager: Mounting plugin OnlineSubsystemGooglePlay
LogPluginManager: Mounting plugin OculusVR
PixWinPlugin: PIX capture plugin failed to initialize! Check that the process is launched from PIX.
LogInit: Using libcurl 7.55.1-DEV
LogInit:  - built for x86_64-pc-win32
LogInit:  - supports SSL with OpenSSL/1.1.1
LogInit:  - supports HTTP deflate (compression) using libz 1.2.8
LogInit:  - other features:
LogInit:      CURL_VERSION_SSL
LogInit:      CURL_VERSION_LIBZ
LogInit:      CURL_VERSION_IPV6
LogInit:      CURL_VERSION_ASYNCHDNS
LogInit:      CURL_VERSION_LARGEFILE
LogInit:      CURL_VERSION_IDN
LogInit:  CurlRequestOptions (configurable via config and command line):
LogInit:  - bVerifyPeer = true  - Libcurl will verify peer certificate
LogInit:  - bUseHttpProxy = false  - Libcurl will NOT use HTTP proxy
LogInit:  - bDontReuseConnections = false  - Libcurl will reuse connections
LogInit:  - MaxHostConnections = 16  - Libcurl will limit the number of connections to a host
LogInit:  - LocalHostAddr = Default
LogInit:  - BufferSize = 65536
LogOnline: OSS: Creating online subsystem instance for: NULL
LogInit: WinSock: version 1.1 (2.2), MaxSocks=32767, MaxUdp=65467
LogOnline: OSS: TryLoadSubsystemAndSetDefault: Loaded subsystem for module [NULL]
LogOculusPluginWrapper: OculusPlugin initialized successfully
LogHMD: Failed initializing OVRPlugin 1.59.0
LogInit: Build: ++UE4+Release-4.27-CL-18319896
LogInit: Engine Version: 4.27.2-18319896+++UE4+Release-4.27
LogInit: Compatible Engine Version: 4.27.0-17155196+++UE4+Release-4.27
LogInit: Net CL: 17155196
LogInit: OS: Windows 10 (Release 2009) (), CPU: AMD Ryzen 5 5600X 6-Core Processor             , GPU: NVIDIA GeForce RTX 3070
LogInit: Compiled (64-bit): Nov 30 2021 07:12:08
LogInit: Compiled with Visual C++: 19.24.28315.00
LogInit: Build Configuration: Development
LogInit: Branch Name: ++UE4+Release-4.27
LogInit: Command Line: 
LogInit: Base Directory: C:/Program Files/Epic Games/UE_4.27/Engine/Binaries/Win64/
LogInit: Allocator: TBB
LogInit: Installed Engine Build: 1
LogDevObjectVersion: Number of dev versions registered: 29
LogDevObjectVersion:   Dev-Blueprints (B0D832E4-1F89-4F0D-ACCF-7EB736FD4AA2): 10
LogDevObjectVersion:   Dev-Build (E1C64328-A22C-4D53-A36C-8E866417BD8C): 0
LogDevObjectVersion:   Dev-Core (375EC13C-06E4-48FB-B500-84F0262A717E): 4
LogDevObjectVersion:   Dev-Editor (E4B068ED-F494-42E9-A231-DA0B2E46BB41): 40
LogDevObjectVersion:   Dev-Framework (CFFC743F-43B0-4480-9391-14DF171D2073): 37
LogDevObjectVersion:   Dev-Mobile (B02B49B5-BB20-44E9-A304-32B752E40360): 3
LogDevObjectVersion:   Dev-Networking (A4E4105C-59A1-49B5-A7C5-40C4547EDFEE): 0
LogDevObjectVersion:   Dev-Online (39C831C9-5AE6-47DC-9A44-9C173E1C8E7C): 0
LogDevObjectVersion:   Dev-Physics (78F01B33-EBEA-4F98-B9B4-84EACCB95AA2): 14
LogDevObjectVersion:   Dev-Platform (6631380F-2D4D-43E0-8009-CF276956A95A): 0
LogDevObjectVersion:   Dev-Rendering (12F88B9F-8875-4AFC-A67C-D90C383ABD29): 45
LogDevObjectVersion:   Dev-Sequencer (7B5AE74C-D270-4C10-A958-57980B212A5A): 13
LogDevObjectVersion:   Dev-VR (D7296918-1DD6-4BDD-9DE2-64A83CC13884): 3
LogDevObjectVersion:   Dev-LoadTimes (C2A15278-BFE7-4AFE-6C17-90FF531DF755): 1
LogDevObjectVersion:   Private-Geometry (6EACA3D4-40EC-4CC1-B786-8BED09428FC5): 3
LogDevObjectVersion:   Dev-AnimPhys (29E575DD-E0A3-4627-9D10-D276232CDCEA): 17
LogDevObjectVersion:   Dev-Anim (AF43A65D-7FD3-4947-9873-3E8ED9C1BB05): 15
LogDevObjectVersion:   Dev-ReflectionCapture (6B266CEC-1EC7-4B8F-A30B-E4D90942FC07): 1
LogDevObjectVersion:   Dev-Automation (0DF73D61-A23F-47EA-B727-89E90C41499A): 1
LogDevObjectVersion:   FortniteMain (601D1886-AC64-4F84-AA16-D3DE0DEAC7D6): 47
LogDevObjectVersion:   FortniteRelease (E7086368-6B23-4C58-8439-1B7016265E91): 1
LogDevObjectVersion:   Dev-Enterprise (9DFFBCD6-494F-0158-E221-12823C92A888): 10
LogDevObjectVersion:   Dev-Niagara (F2AED0AC-9AFE-416F-8664-AA7FFA26D6FC): 1
LogDevObjectVersion:   Dev-Destruction (174F1F0B-B4C6-45A5-B13F-2EE8D0FB917D): 10
LogDevObjectVersion:   Dev-Physics-Ext (35F94A83-E258-406C-A318-09F59610247C): 41
LogDevObjectVersion:   Dev-PhysicsMaterial-Chaos (B68FC16E-8B1B-42E2-B453-215C058844FE): 1
LogDevObjectVersion:   Dev-CineCamera (B2E18506-4273-CFC2-A54E-F4BB758BBA07): 1
LogDevObjectVersion:   Dev-VirtualProduction (64F58936-FD1B-42BA-BA96-7289D5D0FA4E): 1
LogDevObjectVersion:   Dev-MediaFramework (6F0ED827-A609-4895-9C91-998D90180EA4): 2
LogInit: Presizing for max 25165824 objects, including 0 objects not considered by GC, pre-allocating 0 bytes for permanent pool.
LogConfig: Applying CVar settings from Section [/Script/Engine.StreamingSettings] File [C:/Users/super/Documents/UnrealProjects/PentaJam/PentaJam/Saved/Config/Windows/Engine.ini]
LogConfig: Setting CVar [[s.MinBulkDataSizeForAsyncLoading:131072]]
LogConfig: Setting CVar [[s.AsyncLoadingThreadEnabled:0]]
LogConfig: Setting CVar [[s.EventDrivenLoaderEnabled:1]]
LogConfig: Setting CVar [[s.WarnIfTimeLimitExceeded:0]]
LogConfig: Setting CVar [[s.TimeLimitExceededMultiplier:1.5]]
LogConfig: Setting CVar [[s.TimeLimitExceededMinTime:0.005]]
LogConfig: Setting CVar [[s.UseBackgroundLevelStreaming:1]]
LogConfig: Setting CVar [[s.PriorityAsyncLoadingExtraTime:15.0]]
LogConfig: Setting CVar [[s.LevelStreamingActorsUpdateTimeLimit:5.0]]
LogConfig: Setting CVar [[s.PriorityLevelStreamingActorsUpdateExtraTime:5.0]]
LogConfig: Setting CVar [[s.LevelStreamingComponentsRegistrationGranularity:10]]
LogConfig: Setting CVar [[s.UnregisterComponentsTimeLimit:1.0]]
LogConfig: Setting CVar [[s.LevelStreamingComponentsUnregistrationGranularity:5]]
LogConfig: Setting CVar [[s.FlushStreamingOnExit:1]]
LogInit: Object subsystem initialized
LogConfig: Setting CVar [[con.DebugEarlyDefault:1]]
LogConfig: Setting CVar [[r.setres:1280x720]]
[2022.03.28-00.42.55:778][  0]LogConfig: Setting CVar [[r.VSync:0]]
[2022.03.28-00.42.55:778][  0]LogConfig: Setting CVar [[r.RHICmdBypass:0]]
[2022.03.28-00.42.55:778][  0]LogConfig: Applying CVar settings from Section [/Script/Engine.RendererSettings] File [C:/Users/super/Documents/UnrealProjects/PentaJam/PentaJam/Saved/Config/Windows/Engine.ini]
[2022.03.28-00.42.55:778][  0]LogConfig: Setting CVar [[r.GPUCrashDebugging:0]]
[2022.03.28-00.42.55:778][  0]LogConfig: Applying CVar settings from Section [/Script/Engine.RendererOverrideSettings] File [C:/Users/super/Documents/UnrealProjects/PentaJam/PentaJam/Saved/Config/Windows/Engine.ini]
[2022.03.28-00.42.55:778][  0]LogConfig: Applying CVar settings from Section [/Script/Engine.StreamingSettings] File [C:/Users/super/Documents/UnrealProjects/PentaJam/PentaJam/Saved/Config/Windows/Engine.ini]
[2022.03.28-00.42.55:778][  0]LogConfig: Setting CVar [[s.MinBulkDataSizeForAsyncLoading:131072]]
[2022.03.28-00.42.55:778][  0]LogConfig: Setting CVar [[s.AsyncLoadingThreadEnabled:0]]
[2022.03.28-00.42.55:778][  0]LogConfig: Setting CVar [[s.EventDrivenLoaderEnabled:1]]
[2022.03.28-00.42.55:778][  0]LogConfig: Setting CVar [[s.WarnIfTimeLimitExceeded:0]]
[2022.03.28-00.42.55:778][  0]LogConfig: Setting CVar [[s.TimeLimitExceededMultiplier:1.5]]
[2022.03.28-00.42.55:778][  0]LogConfig: Setting CVar [[s.TimeLimitExceededMinTime:0.005]]
[2022.03.28-00.42.55:778][  0]LogConfig: Setting CVar [[s.UseBackgroundLevelStreaming:1]]
[2022.03.28-00.42.55:778][  0]LogConfig: Setting CVar [[s.PriorityAsyncLoadingExtraTime:15.0]]
[2022.03.28-00.42.55:778][  0]LogConfig: Setting CVar [[s.LevelStreamingActorsUpdateTimeLimit:5.0]]
[2022.03.28-00.42.55:778][  0]LogConfig: Setting CVar [[s.PriorityLevelStreamingActorsUpdateExtraTime:5.0]]
[2022.03.28-00.42.55:778][  0]LogConfig: Setting CVar [[s.LevelStreamingComponentsRegistrationGranularity:10]]
[2022.03.28-00.42.55:778][  0]LogConfig: Setting CVar [[s.UnregisterComponentsTimeLimit:1.0]]
[2022.03.28-00.42.55:778][  0]LogConfig: Setting CVar [[s.LevelStreamingComponentsUnregistrationGranularity:5]]
[2022.03.28-00.42.55:778][  0]LogConfig: Setting CVar [[s.FlushStreamingOnExit:1]]
[2022.03.28-00.42.55:778][  0]LogConfig: Applying CVar settings from Section [/Script/Engine.GarbageCollectionSettings] File [C:/Users/super/Documents/UnrealProjects/PentaJam/PentaJam/Saved/Config/Windows/Engine.ini]
[2022.03.28-00.42.55:778][  0]LogConfig: Setting CVar [[gc.MaxObjectsNotConsideredByGC:1]]
[2022.03.28-00.42.55:778][  0]LogConfig: Setting CVar [[gc.SizeOfPermanentObjectPool:0]]
[2022.03.28-00.42.55:778][  0]LogConfig: Setting CVar [[gc.FlushStreamingOnGC:0]]
[2022.03.28-00.42.55:778][  0]LogConfig: Setting CVar [[gc.NumRetriesBeforeForcingGC:10]]
[2022.03.28-00.42.55:778][  0]LogConfig: Setting CVar [[gc.AllowParallelGC:1]]
[2022.03.28-00.42.55:778][  0]LogConfig: Setting CVar [[gc.TimeBetweenPurgingPendingKillObjects:61.1]]
[2022.03.28-00.42.55:778][  0]LogConfig: Setting CVar [[gc.MaxObjectsInEditor:25165824]]
[2022.03.28-00.42.55:778][  0]LogConfig: Setting CVar [[gc.IncrementalBeginDestroyEnabled:1]]
[2022.03.28-00.42.55:778][  0]LogConfig: Setting CVar [[gc.CreateGCClusters:1]]
[2022.03.28-00.42.55:778][  0]LogConfig: Setting CVar [[gc.MinGCClusterSize:5]]
[2022.03.28-00.42.55:778][  0]LogConfig: Setting CVar [[gc.ActorClusteringEnabled:0]]
[2022.03.28-00.42.55:778][  0]LogConfig: Setting CVar [[gc.BlueprintClusteringEnabled:0]]
[2022.03.28-00.42.55:778][  0]LogConfig: Setting CVar [[gc.UseDisregardForGCOnDedicatedServers:0]]
[2022.03.28-00.42.55:778][  0]LogConfig: Setting CVar [[gc.MultithreadedDestructionEnabled:1]]
[2022.03.28-00.42.55:778][  0]LogConfig: Applying CVar settings from Section [/Script/Engine.NetworkSettings] File [C:/Users/super/Documents/UnrealProjects/PentaJam/PentaJam/Saved/Config/Windows/Engine.ini]
[2022.03.28-00.42.55:778][  0]LogConfig: Applying CVar settings from Section [/Script/UnrealEd.CookerSettings] File [C:/Users/super/Documents/UnrealProjects/PentaJam/PentaJam/Saved/Config/Windows/Engine.ini]
[2022.03.28-00.42.55:797][  0]LogConfig: Applying CVar settings from Section [ViewDistanceQuality@3] File [C:/Users/super/Documents/UnrealProjects/PentaJam/PentaJam/Saved/Config/Windows/Scalability.ini]
[2022.03.28-00.42.55:797][  0]LogConfig: Setting CVar [[r.SkeletalMeshLODBias:0]]
[2022.03.28-00.42.55:797][  0]LogConfig: Setting CVar [[r.ViewDistanceScale:1.0]]
[2022.03.28-00.42.55:797][  0]LogConfig: Applying CVar settings from Section [AntiAliasingQuality@3] File [C:/Users/super/Documents/UnrealProjects/PentaJam/PentaJam/Saved/Config/Windows/Scalability.ini]
[2022.03.28-00.42.55:797][  0]LogConfig: Setting CVar [[r.PostProcessAAQuality:4]]
[2022.03.28-00.42.55:797][  0]LogConfig: Applying CVar settings from Section [ShadowQuality@3] File [C:/Users/super/Documents/UnrealProjects/PentaJam/PentaJam/Saved/Config/Windows/Scalability.ini]
[2022.03.28-00.42.55:797][  0]LogConfig: Setting CVar [[r.LightFunctionQuality:1]]
[2022.03.28-00.42.55:797][  0]LogConfig: Setting CVar [[r.ShadowQuality:5]]
[2022.03.28-00.42.55:797][  0]LogConfig: Setting CVar [[r.Shadow.CSM.MaxCascades:10]]
[2022.03.28-00.42.55:797][  0]LogConfig: Setting CVar [[r.Shadow.MaxResolution:2048]]
[2022.03.28-00.42.55:797][  0]LogConfig: Setting CVar [[r.Shadow.MaxCSMResolution:2048]]
[2022.03.28-00.42.55:797][  0]LogConfig: Setting CVar [[r.Shadow.RadiusThreshold:0.01]]
[2022.03.28-00.42.55:797][  0]LogConfig: Setting CVar [[r.Shadow.DistanceScale:1.0]]
[2022.03.28-00.42.55:797][  0]LogConfig: Setting CVar [[r.Shadow.CSM.TransitionScale:1.0]]
[2022.03.28-00.42.55:797][  0]LogConfig: Setting CVar [[r.Shadow.PreShadowResolutionFactor:1.0]]
[2022.03.28-00.42.55:797][  0]LogConfig: Setting CVar [[r.DistanceFieldShadowing:1]]
[2022.03.28-00.42.55:797][  0]LogConfig: Setting CVar [[r.DistanceFieldAO:1]]
[2022.03.28-00.42.55:797][  0]LogConfig: Setting CVar [[r.AOQuality:2]]
[2022.03.28-00.42.55:797][  0]LogConfig: Setting CVar [[r.VolumetricFog:1]]
[2022.03.28-00.42.55:797][  0]LogConfig: Setting CVar [[r.VolumetricFog.GridPixelSize:8]]
[2022.03.28-00.42.55:797][  0]LogConfig: Setting CVar [[r.VolumetricFog.GridSizeZ:128]]
[2022.03.28-00.42.55:797][  0]LogConfig: Setting CVar [[r.VolumetricFog.HistoryMissSupersampleCount:4]]
[2022.03.28-00.42.55:797][  0]LogConfig: Setting CVar [[r.LightMaxDrawDistanceScale:1]]
[2022.03.28-00.42.55:797][  0]LogConfig: Setting CVar [[r.CapsuleShadows:1]]
[2022.03.28-00.42.55:797][  0]LogConfig: Applying CVar settings from Section [PostProcessQuality@3] File [C:/Users/super/Documents/UnrealProjects/PentaJam/PentaJam/Saved/Config/Windows/Scalability.ini]
[2022.03.28-00.42.55:797][  0]LogConfig: Setting CVar [[r.MotionBlurQuality:4]]
[2022.03.28-00.42.55:798][  0]LogConfig: Setting CVar [[r.AmbientOcclusionMipLevelFactor:0.4]]
[2022.03.28-00.42.55:798][  0]LogConfig: Setting CVar [[r.AmbientOcclusionMaxQuality:100]]
[2022.03.28-00.42.55:798][  0]LogConfig: Setting CVar [[r.AmbientOcclusionLevels:-1]]
[2022.03.28-00.42.55:798][  0]LogConfig: Setting CVar [[r.AmbientOcclusionRadiusScale:1.0]]
[2022.03.28-00.42.55:798][  0]LogConfig: Setting CVar [[r.DepthOfFieldQuality:2]]
[2022.03.28-00.42.55:798][  0]LogConfig: Setting CVar [[r.RenderTargetPoolMin:400]]
[2022.03.28-00.42.55:798][  0]LogConfig: Setting CVar [[r.LensFlareQuality:2]]
[2022.03.28-00.42.55:798][  0]LogConfig: Setting CVar [[r.SceneColorFringeQuality:1]]
[2022.03.28-00.42.55:798][  0]LogConfig: Setting CVar [[r.EyeAdaptationQuality:2]]
[2022.03.28-00.42.55:798][  0]LogConfig: Setting CVar [[r.BloomQuality:5]]
[2022.03.28-00.42.55:798][  0]LogConfig: Setting CVar [[r.FastBlurThreshold:100]]
[2022.03.28-00.42.55:798][  0]LogConfig: Setting CVar [[r.Upscale.Quality:3]]
[2022.03.28-00.42.55:798][  0]LogConfig: Setting CVar [[r.Tonemapper.GrainQuantization:1]]
[2022.03.28-00.42.55:798][  0]LogConfig: Setting CVar [[r.LightShaftQuality:1]]
[2022.03.28-00.42.55:798][  0]LogConfig: Setting CVar [[r.Filter.SizeScale:1]]
[2022.03.28-00.42.55:798][  0]LogConfig: Setting CVar [[r.Tonemapper.Quality:5]]
[2022.03.28-00.42.55:798][  0]LogConfig: Setting CVar [[r.DOF.Gather.AccumulatorQuality:1        ; higher gathering accumulator quality]]
[2022.03.28-00.42.55:798][  0]LogConfig: Setting CVar [[r.DOF.Gather.PostfilterMethod:1          ; Median3x3 postfilering method]]
[2022.03.28-00.42.55:798][  0]LogConfig: Setting CVar [[r.DOF.Gather.EnableBokehSettings:0       ; no bokeh simulation when gathering]]
[2022.03.28-00.42.55:798][  0]LogConfig: Setting CVar [[r.DOF.Gather.RingCount:4                 ; medium number of samples when gathering]]
[2022.03.28-00.42.55:798][  0]LogConfig: Setting CVar [[r.DOF.Scatter.ForegroundCompositing:1    ; additive foreground scattering]]
[2022.03.28-00.42.55:798][  0]LogConfig: Setting CVar [[r.DOF.Scatter.BackgroundCompositing:2    ; additive background scattering]]
[2022.03.28-00.42.55:798][  0]LogConfig: Setting CVar [[r.DOF.Scatter.EnableBokehSettings:1      ; bokeh simulation when scattering]]
[2022.03.28-00.42.55:798][  0]LogConfig: Setting CVar [[r.DOF.Scatter.MaxSpriteRatio:0.1         ; only a maximum of 10% of scattered bokeh]]
[2022.03.28-00.42.55:798][  0]LogConfig: Setting CVar [[r.DOF.Recombine.Quality:1                ; cheap slight out of focus]]
[2022.03.28-00.42.55:798][  0]LogConfig: Setting CVar [[r.DOF.Recombine.EnableBokehSettings:0    ; no bokeh simulation on slight out of focus]]
[2022.03.28-00.42.55:798][  0]LogConfig: Setting CVar [[r.DOF.TemporalAAQuality:1                ; more stable temporal accumulation]]
[2022.03.28-00.42.55:798][  0]LogConfig: Setting CVar [[r.DOF.Kernel.MaxForegroundRadius:0.025]]
[2022.03.28-00.42.55:798][  0]LogConfig: Setting CVar [[r.DOF.Kernel.MaxBackgroundRadius:0.025]]
[2022.03.28-00.42.55:798][  0]LogConfig: Applying CVar settings from Section [TextureQuality@3] File [C:/Users/super/Documents/UnrealProjects/PentaJam/PentaJam/Saved/Config/Windows/Scalability.ini]
[2022.03.28-00.42.55:798][  0]LogConfig: Setting CVar [[r.Streaming.MipBias:0]]
[2022.03.28-00.42.55:798][  0]LogConfig: Setting CVar [[r.Streaming.AmortizeCPUToGPUCopy:0]]
[2022.03.28-00.42.55:798][  0]LogConfig: Setting CVar [[r.Streaming.MaxNumTexturesToStreamPerFrame:0]]
[2022.03.28-00.42.55:798][  0]LogConfig: Setting CVar [[r.Streaming.Boost:1]]
[2022.03.28-00.42.55:798][  0]LogConfig: Setting CVar [[r.MaxAnisotropy:8]]
[2022.03.28-00.42.55:798][  0]LogConfig: Setting CVar [[r.VT.MaxAnisotropy:8]]
[2022.03.28-00.42.55:798][  0]LogConfig: Setting CVar [[r.Streaming.LimitPoolSizeToVRAM:0]]
[2022.03.28-00.42.55:798][  0]LogConfig: Setting CVar [[r.Streaming.PoolSize:1000]]
[2022.03.28-00.42.55:798][  0]LogConfig: Setting CVar [[r.Streaming.MaxEffectiveScreenSize:0]]
[2022.03.28-00.42.55:798][  0]LogConfig: Applying CVar settings from Section [EffectsQuality@3] File [C:/Users/super/Documents/UnrealProjects/PentaJam/PentaJam/Saved/Config/Windows/Scalability.ini]
[2022.03.28-00.42.55:798][  0]LogConfig: Setting CVar [[r.TranslucencyLightingVolumeDim:64]]
[2022.03.28-00.42.55:798][  0]LogConfig: Setting CVar [[r.RefractionQuality:2]]
[2022.03.28-00.42.55:798][  0]LogConfig: Setting CVar [[r.SSR.Quality:3]]
[2022.03.28-00.42.55:798][  0]LogConfig: Setting CVar [[r.SSR.HalfResSceneColor:0]]
[2022.03.28-00.42.55:798][  0]LogConfig: Setting CVar [[r.SceneColorFormat:4]]
[2022.03.28-00.42.55:798][  0]LogConfig: Setting CVar [[r.DetailMode:2]]
[2022.03.28-00.42.55:798][  0]LogConfig: Setting CVar [[r.TranslucencyVolumeBlur:1]]
[2022.03.28-00.42.55:798][  0]LogConfig: Setting CVar [[r.MaterialQualityLevel:1 ; High quality]]
[2022.03.28-00.42.55:798][  0]LogConfig: Setting CVar [[r.AnisotropicMaterials:1]]
[2022.03.28-00.42.55:798][  0]LogConfig: Setting CVar [[r.SSS.Scale:1]]
[2022.03.28-00.42.55:798][  0]LogConfig: Setting CVar [[r.SSS.SampleSet:2]]
[2022.03.28-00.42.55:798][  0]LogConfig: Setting CVar [[r.SSS.Quality:1]]
[2022.03.28-00.42.55:798][  0]LogConfig: Setting CVar [[r.SSS.HalfRes:0]]
[2022.03.28-00.42.55:798][  0]LogConfig: Setting CVar [[r.SSGI.Quality:3]]
[2022.03.28-00.42.55:798][  0]LogConfig: Setting CVar [[r.EmitterSpawnRateScale:1.0]]
[2022.03.28-00.42.55:798][  0]LogConfig: Setting CVar [[r.ParticleLightQuality:2]]
[2022.03.28-00.42.55:798][  0]LogConfig: Setting CVar [[r.SkyAtmosphere.AerialPerspectiveLUT.FastApplyOnOpaque:1 ; Always have FastSkyLUT 1 in this case to avoid wrong sky]]
[2022.03.28-00.42.55:798][  0]LogConfig: Setting CVar [[r.SkyAtmosphere.AerialPerspectiveLUT.SampleCountMaxPerSlice:4]]
[2022.03.28-00.42.55:798][  0]LogConfig: Setting CVar [[r.SkyAtmosphere.AerialPerspectiveLUT.DepthResolution:16.0]]
[2022.03.28-00.42.55:798][  0]LogConfig: Setting CVar [[r.SkyAtmosphere.FastSkyLUT:1]]
[2022.03.28-00.42.55:798][  0]LogConfig: Setting CVar [[r.SkyAtmosphere.FastSkyLUT.SampleCountMin:4.0]]
[2022.03.28-00.42.55:798][  0]LogConfig: Setting CVar [[r.SkyAtmosphere.FastSkyLUT.SampleCountMax:128.0]]
[2022.03.28-00.42.55:798][  0]LogConfig: Setting CVar [[r.SkyAtmosphere.SampleCountMin:4.0]]
[2022.03.28-00.42.55:798][  0]LogConfig: Setting CVar [[r.SkyAtmosphere.SampleCountMax:128.0]]
[2022.03.28-00.42.55:798][  0]LogConfig: Setting CVar [[r.SkyAtmosphere.TransmittanceLUT.UseSmallFormat:0]]
[2022.03.28-00.42.55:798][  0]LogConfig: Setting CVar [[r.SkyAtmosphere.TransmittanceLUT.SampleCount:10.0]]
[2022.03.28-00.42.55:798][  0]LogConfig: Setting CVar [[r.SkyAtmosphere.MultiScatteringLUT.SampleCount:15.0]]
[2022.03.28-00.42.55:798][  0]LogConfig: Setting CVar [[r.SkyLight.RealTimeReflectionCapture:1]]
[2022.03.28-00.42.55:798][  0]LogConfig: Applying CVar settings from Section [FoliageQuality@3] File [C:/Users/super/Documents/UnrealProjects/PentaJam/PentaJam/Saved/Config/Windows/Scalability.ini]
[2022.03.28-00.42.55:798][  0]LogConfig: Setting CVar [[foliage.DensityScale:1.0]]
[2022.03.28-00.42.55:798][  0]LogConfig: Setting CVar [[grass.DensityScale:1.0]]
[2022.03.28-00.42.55:798][  0]LogConfig: Applying CVar settings from Section [ShadingQuality@3] File [C:/Users/super/Documents/UnrealProjects/PentaJam/PentaJam/Saved/Config/Windows/Scalability.ini]
[2022.03.28-00.42.55:798][  0]LogConfig: Setting CVar [[r.HairStrands.SkyLighting.IntegrationType:2]]
[2022.03.28-00.42.55:798][  0]LogConfig: Setting CVar [[r.HairStrands.SkyAO.SampleCount:4]]
[2022.03.28-00.42.55:798][  0]LogConfig: Setting CVar [[r.HairStrands.Visibility.MSAA.SamplePerPixel:4]]
[2022.03.28-00.42.55:798][  0]LogInit: Selected Device Profile: [Windows]
[2022.03.28-00.42.55:798][  0]LogInit: Applying CVar settings loaded from the selected device profile: [Windows]
[2022.03.28-00.42.55:798][  0]LogHAL: Display: Platform has ~ 32 GB [34279415808 / 34359738368 / 32], which maps to Largest [LargestMinGB=32, LargerMinGB=12, DefaultMinGB=8, SmallerMinGB=6, SmallestMinGB=0)
[2022.03.28-00.42.55:798][  0]LogInit: Going up to parent DeviceProfile []
[2022.03.28-00.42.55:798][  0]LogConfig: Applying CVar settings from Section [ViewDistanceQuality@3] File [C:/Users/super/Documents/UnrealProjects/PentaJam/PentaJam/Saved/Config/Windows/Scalability.ini]
[2022.03.28-00.42.55:798][  0]LogConfig: Setting CVar [[r.SkeletalMeshLODBias:0]]
[2022.03.28-00.42.55:798][  0]LogConfig: Setting CVar [[r.ViewDistanceScale:1.0]]
[2022.03.28-00.42.55:798][  0]LogConfig: Applying CVar settings from Section [AntiAliasingQuality@3] File [C:/Users/super/Documents/UnrealProjects/PentaJam/PentaJam/Saved/Config/Windows/Scalability.ini]
[2022.03.28-00.42.55:798][  0]LogConfig: Setting CVar [[r.PostProcessAAQuality:4]]
[2022.03.28-00.42.55:798][  0]LogConfig: Applying CVar settings from Section [ShadowQuality@3] File [C:/Users/super/Documents/UnrealProjects/PentaJam/PentaJam/Saved/Config/Windows/Scalability.ini]
[2022.03.28-00.42.55:798][  0]LogConfig: Setting CVar [[r.LightFunctionQuality:1]]
[2022.03.28-00.42.55:798][  0]LogConfig: Setting CVar [[r.ShadowQuality:5]]
[2022.03.28-00.42.55:798][  0]LogConfig: Setting CVar [[r.Shadow.CSM.MaxCascades:10]]
[2022.03.28-00.42.55:798][  0]LogConfig: Setting CVar [[r.Shadow.MaxResolution:2048]]
[2022.03.28-00.42.55:798][  0]LogConfig: Setting CVar [[r.Shadow.MaxCSMResolution:2048]]
[2022.03.28-00.42.55:798][  0]LogConfig: Setting CVar [[r.Shadow.RadiusThreshold:0.01]]
[2022.03.28-00.42.55:798][  0]LogConfig: Setting CVar [[r.Shadow.DistanceScale:1.0]]
[2022.03.28-00.42.55:798][  0]LogConfig: Setting CVar [[r.Shadow.CSM.TransitionScale:1.0]]
[2022.03.28-00.42.55:798][  0]LogConfig: Setting CVar [[r.Shadow.PreShadowResolutionFactor:1.0]]
[2022.03.28-00.42.55:798][  0]LogConfig: Setting CVar [[r.DistanceFieldShadowing:1]]
[2022.03.28-00.42.55:798][  0]LogConfig: Setting CVar [[r.DistanceFieldAO:1]]
[2022.03.28-00.42.55:798][  0]LogConfig: Setting CVar [[r.AOQuality:2]]
[2022.03.28-00.42.55:798][  0]LogConfig: Setting CVar [[r.VolumetricFog:1]]
[2022.03.28-00.42.55:798][  0]LogConfig: Setting CVar [[r.VolumetricFog.GridPixelSize:8]]
[2022.03.28-00.42.55:798][  0]LogConfig: Setting CVar [[r.VolumetricFog.GridSizeZ:128]]
[2022.03.28-00.42.55:798][  0]LogConfig: Setting CVar [[r.VolumetricFog.HistoryMissSupersampleCount:4]]
[2022.03.28-00.42.55:798][  0]LogConfig: Setting CVar [[r.LightMaxDrawDistanceScale:1]]
[2022.03.28-00.42.55:798][  0]LogConfig: Setting CVar [[r.CapsuleShadows:1]]
[2022.03.28-00.42.55:798][  0]LogConfig: Applying CVar settings from Section [PostProcessQuality@3] File [C:/Users/super/Documents/UnrealProjects/PentaJam/PentaJam/Saved/Config/Windows/Scalability.ini]
[2022.03.28-00.42.55:798][  0]LogConfig: Setting CVar [[r.MotionBlurQuality:4]]
[2022.03.28-00.42.55:798][  0]LogConfig: Setting CVar [[r.AmbientOcclusionMipLevelFactor:0.4]]
[2022.03.28-00.42.55:798][  0]LogConfig: Setting CVar [[r.AmbientOcclusionMaxQuality:100]]
[2022.03.28-00.42.55:798][  0]LogConfig: Setting CVar [[r.AmbientOcclusionLevels:-1]]
[2022.03.28-00.42.55:798][  0]LogConfig: Setting CVar [[r.AmbientOcclusionRadiusScale:1.0]]
[2022.03.28-00.42.55:798][  0]LogConfig: Setting CVar [[r.DepthOfFieldQuality:2]]
[2022.03.28-00.42.55:798][  0]LogConfig: Setting CVar [[r.RenderTargetPoolMin:400]]
[2022.03.28-00.42.55:798][  0]LogConfig: Setting CVar [[r.LensFlareQuality:2]]
[2022.03.28-00.42.55:798][  0]LogConfig: Setting CVar [[r.SceneColorFringeQuality:1]]
[2022.03.28-00.42.55:798][  0]LogConfig: Setting CVar [[r.EyeAdaptationQuality:2]]
[2022.03.28-00.42.55:798][  0]LogConfig: Setting CVar [[r.BloomQuality:5]]
[2022.03.28-00.42.55:798][  0]LogConfig: Setting CVar [[r.FastBlurThreshold:100]]
[2022.03.28-00.42.55:798][  0]LogConfig: Setting CVar [[r.Upscale.Quality:3]]
[2022.03.28-00.42.55:798][  0]LogConfig: Setting CVar [[r.Tonemapper.GrainQuantization:1]]
[2022.03.28-00.42.55:798][  0]LogConfig: Setting CVar [[r.LightShaftQuality:1]]
[2022.03.28-00.42.55:799][  0]LogConfig: Setting CVar [[r.Filter.SizeScale:1]]
[2022.03.28-00.42.55:799][  0]LogConfig: Setting CVar [[r.Tonemapper.Quality:5]]
[2022.03.28-00.42.55:799][  0]LogConfig: Setting CVar [[r.DOF.Gather.AccumulatorQuality:1        ; higher gathering accumulator quality]]
[2022.03.28-00.42.55:799][  0]LogConfig: Setting CVar [[r.DOF.Gather.PostfilterMethod:1          ; Median3x3 postfilering method]]
[2022.03.28-00.42.55:799][  0]LogConfig: Setting CVar [[r.DOF.Gather.EnableBokehSettings:0       ; no bokeh simulation when gathering]]
[2022.03.28-00.42.55:799][  0]LogConfig: Setting CVar [[r.DOF.Gather.RingCount:4                 ; medium number of samples when gathering]]
[2022.03.28-00.42.55:799][  0]LogConfig: Setting CVar [[r.DOF.Scatter.ForegroundCompositing:1    ; additive foreground scattering]]
[2022.03.28-00.42.55:799][  0]LogConfig: Setting CVar [[r.DOF.Scatter.BackgroundCompositing:2    ; additive background scattering]]
[2022.03.28-00.42.55:799][  0]LogConfig: Setting CVar [[r.DOF.Scatter.EnableBokehSettings:1      ; bokeh simulation when scattering]]
[2022.03.28-00.42.55:799][  0]LogConfig: Setting CVar [[r.DOF.Scatter.MaxSpriteRatio:0.1         ; only a maximum of 10% of scattered bokeh]]
[2022.03.28-00.42.55:799][  0]LogConfig: Setting CVar [[r.DOF.Recombine.Quality:1                ; cheap slight out of focus]]
[2022.03.28-00.42.55:799][  0]LogConfig: Setting CVar [[r.DOF.Recombine.EnableBokehSettings:0    ; no bokeh simulation on slight out of focus]]
[2022.03.28-00.42.55:799][  0]LogConfig: Setting CVar [[r.DOF.TemporalAAQuality:1                ; more stable temporal accumulation]]
[2022.03.28-00.42.55:799][  0]LogConfig: Setting CVar [[r.DOF.Kernel.MaxForegroundRadius:0.025]]
[2022.03.28-00.42.55:799][  0]LogConfig: Setting CVar [[r.DOF.Kernel.MaxBackgroundRadius:0.025]]
[2022.03.28-00.42.55:799][  0]LogConfig: Applying CVar settings from Section [TextureQuality@3] File [C:/Users/super/Documents/UnrealProjects/PentaJam/PentaJam/Saved/Config/Windows/Scalability.ini]
[2022.03.28-00.42.55:799][  0]LogConfig: Setting CVar [[r.Streaming.MipBias:0]]
[2022.03.28-00.42.55:799][  0]LogConfig: Setting CVar [[r.Streaming.AmortizeCPUToGPUCopy:0]]
[2022.03.28-00.42.55:799][  0]LogConfig: Setting CVar [[r.Streaming.MaxNumTexturesToStreamPerFrame:0]]
[2022.03.28-00.42.55:799][  0]LogConfig: Setting CVar [[r.Streaming.Boost:1]]
[2022.03.28-00.42.55:799][  0]LogConfig: Setting CVar [[r.MaxAnisotropy:8]]
[2022.03.28-00.42.55:799][  0]LogConfig: Setting CVar [[r.VT.MaxAnisotropy:8]]
[2022.03.28-00.42.55:799][  0]LogConfig: Setting CVar [[r.Streaming.LimitPoolSizeToVRAM:0]]
[2022.03.28-00.42.55:799][  0]LogConfig: Setting CVar [[r.Streaming.PoolSize:1000]]
[2022.03.28-00.42.55:799][  0]LogConfig: Setting CVar [[r.Streaming.MaxEffectiveScreenSize:0]]
[2022.03.28-00.42.55:799][  0]LogConfig: Applying CVar settings from Section [EffectsQuality@3] File [C:/Users/super/Documents/UnrealProjects/PentaJam/PentaJam/Saved/Config/Windows/Scalability.ini]
[2022.03.28-00.42.55:799][  0]LogConfig: Setting CVar [[r.TranslucencyLightingVolumeDim:64]]
[2022.03.28-00.42.55:799][  0]LogConfig: Setting CVar [[r.RefractionQuality:2]]
[2022.03.28-00.42.55:799][  0]LogConfig: Setting CVar [[r.SSR.Quality:3]]
[2022.03.28-00.42.55:799][  0]LogConfig: Setting CVar [[r.SSR.HalfResSceneColor:0]]
[2022.03.28-00.42.55:799][  0]LogConfig: Setting CVar [[r.SceneColorFormat:4]]
[2022.03.28-00.42.55:799][  0]LogConfig: Setting CVar [[r.DetailMode:2]]
[2022.03.28-00.42.55:799][  0]LogConfig: Setting CVar [[r.TranslucencyVolumeBlur:1]]
[2022.03.28-00.42.55:799][  0]LogConfig: Setting CVar [[r.MaterialQualityLevel:1 ; High quality]]
[2022.03.28-00.42.55:799][  0]LogConfig: Setting CVar [[r.AnisotropicMaterials:1]]
[2022.03.28-00.42.55:799][  0]LogConfig: Setting CVar [[r.SSS.Scale:1]]
[2022.03.28-00.42.55:799][  0]LogConfig: Setting CVar [[r.SSS.SampleSet:2]]
[2022.03.28-00.42.55:799][  0]LogConfig: Setting CVar [[r.SSS.Quality:1]]
[2022.03.28-00.42.55:799][  0]LogConfig: Setting CVar [[r.SSS.HalfRes:0]]
[2022.03.28-00.42.55:799][  0]LogConfig: Setting CVar [[r.SSGI.Quality:3]]
[2022.03.28-00.42.55:799][  0]LogConfig: Setting CVar [[r.EmitterSpawnRateScale:1.0]]
[2022.03.28-00.42.55:799][  0]LogConfig: Setting CVar [[r.ParticleLightQuality:2]]
[2022.03.28-00.42.55:799][  0]LogConfig: Setting CVar [[r.SkyAtmosphere.AerialPerspectiveLUT.FastApplyOnOpaque:1 ; Always have FastSkyLUT 1 in this case to avoid wrong sky]]
[2022.03.28-00.42.55:799][  0]LogConfig: Setting CVar [[r.SkyAtmosphere.AerialPerspectiveLUT.SampleCountMaxPerSlice:4]]
[2022.03.28-00.42.55:799][  0]LogConfig: Setting CVar [[r.SkyAtmosphere.AerialPerspectiveLUT.DepthResolution:16.0]]
[2022.03.28-00.42.55:799][  0]LogConfig: Setting CVar [[r.SkyAtmosphere.FastSkyLUT:1]]
[2022.03.28-00.42.55:799][  0]LogConfig: Setting CVar [[r.SkyAtmosphere.FastSkyLUT.SampleCountMin:4.0]]
[2022.03.28-00.42.55:799][  0]LogConfig: Setting CVar [[r.SkyAtmosphere.FastSkyLUT.SampleCountMax:128.0]]
[2022.03.28-00.42.55:799][  0]LogConfig: Setting CVar [[r.SkyAtmosphere.SampleCountMin:4.0]]
[2022.03.28-00.42.55:799][  0]LogConfig: Setting CVar [[r.SkyAtmosphere.SampleCountMax:128.0]]
[2022.03.28-00.42.55:799][  0]LogConfig: Setting CVar [[r.SkyAtmosphere.TransmittanceLUT.UseSmallFormat:0]]
[2022.03.28-00.42.55:799][  0]LogConfig: Setting CVar [[r.SkyAtmosphere.TransmittanceLUT.SampleCount:10.0]]
[2022.03.28-00.42.55:799][  0]LogConfig: Setting CVar [[r.SkyAtmosphere.MultiScatteringLUT.SampleCount:15.0]]
[2022.03.28-00.42.55:799][  0]LogConfig: Setting CVar [[r.SkyLight.RealTimeReflectionCapture:1]]
[2022.03.28-00.42.55:799][  0]LogConfig: Applying CVar settings from Section [FoliageQuality@3] File [C:/Users/super/Documents/UnrealProjects/PentaJam/PentaJam/Saved/Config/Windows/Scalability.ini]
[2022.03.28-00.42.55:799][  0]LogConfig: Setting CVar [[foliage.DensityScale:1.0]]
[2022.03.28-00.42.55:799][  0]LogConfig: Setting CVar [[grass.DensityScale:1.0]]
[2022.03.28-00.42.55:799][  0]LogConfig: Applying CVar settings from Section [ShadingQuality@3] File [C:/Users/super/Documents/UnrealProjects/PentaJam/PentaJam/Saved/Config/Windows/Scalability.ini]
[2022.03.28-00.42.55:799][  0]LogConfig: Setting CVar [[r.HairStrands.SkyLighting.IntegrationType:2]]
[2022.03.28-00.42.55:799][  0]LogConfig: Setting CVar [[r.HairStrands.SkyAO.SampleCount:4]]
[2022.03.28-00.42.55:799][  0]LogConfig: Setting CVar [[r.HairStrands.Visibility.MSAA.SamplePerPixel:4]]
[2022.03.28-00.42.55:799][  0]LogConfig: Applying CVar settings from Section [Startup] File [../../../Engine/Config/ConsoleVariables.ini]
[2022.03.28-00.42.55:799][  0]LogConfig: Setting CVar [[net.UseAdaptiveNetUpdateFrequency:0]]
[2022.03.28-00.42.55:799][  0]LogConfig: Setting CVar [[p.chaos.AllowCreatePhysxBodies:1]]
[2022.03.28-00.42.55:799][  0]LogConfig: Setting CVar [[fx.SkipVectorVMBackendOptimizations:1]]
[2022.03.28-00.42.55:799][  0]LogConfig: Applying CVar settings from Section [ConsoleVariables] File [C:/Users/super/Documents/UnrealProjects/PentaJam/PentaJam/Saved/Config/Windows/Engine.ini]
[2022.03.28-00.42.55:799][  0]LogConfig: Applying CVar settings from Section [ConsoleVariables] File [C:/Users/super/Documents/UnrealProjects/PentaJam/PentaJam/Saved/Config/Windows/Editor.ini]
[2022.03.28-00.42.55:799][  0]LogInit: Computer: DESKTOP-DBQ9SKC
[2022.03.28-00.42.55:800][  0]LogInit: User: super
[2022.03.28-00.42.55:800][  0]LogInit: CPU Page size=4096, Cores=6
[2022.03.28-00.42.55:800][  0]LogInit: High frequency timer resolution =10.000000 MHz
[2022.03.28-00.42.55:800][  0]LogMemory: Memory total: Physical=31.9GB (32GB approx)
[2022.03.28-00.42.55:800][  0]LogMemory: Platform Memory Stats for Windows
[2022.03.28-00.42.55:800][  0]LogMemory: Process Physical Memory: 145.18 MB used, 145.18 MB peak
[2022.03.28-00.42.55:800][  0]LogMemory: Process Virtual Memory: 132.82 MB used, 132.82 MB peak
[2022.03.28-00.42.55:800][  0]LogMemory: Physical Memory: 17830.62 MB used,  14860.78 MB free, 32691.40 MB total
[2022.03.28-00.42.55:800][  0]LogMemory: Virtual Memory: 134202976.00 MB used,  14752.32 MB free, 134217728.00 MB total
[2022.03.28-00.42.55:803][  0]LogWindows: WindowsPlatformFeatures enabled
[2022.03.28-00.42.55:835][  0]LogInit: Physics initialised using underlying interface: PhysX
[2022.03.28-00.42.55:836][  0]LogInit: Using OS detected language (en-US).
[2022.03.28-00.42.55:836][  0]LogInit: Using OS detected locale (en-US).
[2022.03.28-00.42.55:842][  0]LogTextLocalizationManager: No specific localization for 'en-US' exists, so the 'en' localization will be used.
[2022.03.28-00.42.56:007][  0]LogInit: Setting process to per monitor DPI aware
[2022.03.28-00.42.56:018][  0]LogWindowsTextInputMethodSystem: Display: IME system deactivated.
[2022.03.28-00.42.56:038][  0]LogSlate: New Slate User Created.  User Index 0, Is Virtual User: 0
[2022.03.28-00.42.56:038][  0]LogSlate: Slate User Registered.  User Index 0, Is Virtual User: 0
[2022.03.28-00.42.56:175][  0]LogD3D11RHI: Loaded GFSDK_Aftermath_Lib.x64.dll
[2022.03.28-00.42.56:202][  0]LogHMD: Optional extension XR_VARJO_quad_views is not available
[2022.03.28-00.42.56:202][  0]LogHMD: Warning: Required extension XR_EXT_eye_gaze_interaction is not available
[2022.03.28-00.42.56:202][  0]LogHMD: Could not enable all required OpenXR extensions for OpenXREyeTracker on current system. This plugin will be loaded but ignored, but will be enabled on a target platform that supports the required extension.
[2022.03.28-00.42.56:704][  0]LogHMD: Failed to get an OpenXR system, result is XR_ERROR_FORM_FACTOR_UNAVAILABLE. Please check that your runtime supports VR headsets.
[2022.03.28-00.42.56:704][  0]LogD3D11RHI: D3D11 min allowed feature level: 11_0
[2022.03.28-00.42.56:704][  0]LogD3D11RHI: D3D11 max allowed feature level: 11_0
[2022.03.28-00.42.56:704][  0]LogD3D11RHI: D3D11 adapters:
[2022.03.28-00.42.56:783][  0]LogD3D11RHI:    0. 'NVIDIA GeForce RTX 3070' (Feature Level 11_0)
[2022.03.28-00.42.56:783][  0]LogD3D11RHI:       8043/0/16345 MB DedicatedVideo/DedicatedSystem/SharedSystem, Outputs:2, VendorId:0x10de
[2022.03.28-00.42.56:785][  0]LogD3D11RHI:    1. 'Microsoft Basic Render Driver' (Feature Level 11_0)
[2022.03.28-00.42.56:785][  0]LogD3D11RHI:       0/0/16345 MB DedicatedVideo/DedicatedSystem/SharedSystem, Outputs:0, VendorId:0x1414
[2022.03.28-00.42.56:785][  0]LogD3D11RHI: Chosen D3D11 Adapter:
[2022.03.28-00.42.56:785][  0]LogD3D11RHI:     Description : NVIDIA GeForce RTX 3070
[2022.03.28-00.42.56:785][  0]LogD3D11RHI:     VendorId    : 10de
[2022.03.28-00.42.56:785][  0]LogD3D11RHI:     DeviceId    : 2488
[2022.03.28-00.42.56:785][  0]LogD3D11RHI:     SubSysId    : 404d1458
[2022.03.28-00.42.56:785][  0]LogD3D11RHI:     Revision    : 00a1
[2022.03.28-00.42.56:785][  0]LogD3D11RHI:     DedicatedVideoMemory : 8433696768 bytes
[2022.03.28-00.42.56:785][  0]LogD3D11RHI:     DedicatedSystemMemory : 0 bytes
[2022.03.28-00.42.56:785][  0]LogD3D11RHI:     SharedSystemMemory : 17139707904 bytes
[2022.03.28-00.42.56:785][  0]LogD3D11RHI:     AdapterLuid : 0 70257
[2022.03.28-00.42.56:793][  0]LogD3D11RHI: Creating new Direct3DDevice
[2022.03.28-00.42.56:793][  0]LogD3D11RHI:     GPU DeviceId: 0x2488 (for the marketing name, search the web for "GPU Device Id")
[2022.03.28-00.42.56:793][  0]LogWindows: EnumDisplayDevices:
[2022.03.28-00.42.56:793][  0]LogWindows:    0. 'NVIDIA GeForce RTX 3070' (P:1 D:1)
[2022.03.28-00.42.56:793][  0]LogWindows:    1. 'NVIDIA GeForce RTX 3070' (P:0 D:1)
[2022.03.28-00.42.56:793][  0]LogWindows:    2. 'NVIDIA GeForce RTX 3070' (P:0 D:0)
[2022.03.28-00.42.56:793][  0]LogWindows:    3. 'NVIDIA GeForce RTX 3070' (P:0 D:0)
[2022.03.28-00.42.56:793][  0]LogWindows: DebugString: FoundDriverCount:4 
[2022.03.28-00.42.56:793][  0]LogD3D11RHI:     Adapter Name: NVIDIA GeForce RTX 3070
[2022.03.28-00.42.56:793][  0]LogD3D11RHI:   Driver Version: 496.49 (internal:30.0.14.9649, unified:496.49)
[2022.03.28-00.42.56:793][  0]LogD3D11RHI:      Driver Date: 10-20-2021
[2022.03.28-00.42.56:793][  0]LogRHI: Texture pool is 5630 MB (70% of 8043 MB)
[2022.03.28-00.42.56:793][  0]LogD3D11RHI: Creating D3DDevice using adapter:
[2022.03.28-00.42.56:793][  0]LogD3D11RHI:     Description : NVIDIA GeForce RTX 3070
[2022.03.28-00.42.56:793][  0]LogD3D11RHI:     VendorId    : 10de
[2022.03.28-00.42.56:793][  0]LogD3D11RHI:     DeviceId    : 2488
[2022.03.28-00.42.56:793][  0]LogD3D11RHI:     SubSysId    : 404d1458
[2022.03.28-00.42.56:793][  0]LogD3D11RHI:     Revision    : 00a1
[2022.03.28-00.42.56:793][  0]LogD3D11RHI:     DedicatedVideoMemory : 8433696768 bytes
[2022.03.28-00.42.56:793][  0]LogD3D11RHI:     DedicatedSystemMemory : 0 bytes
[2022.03.28-00.42.56:793][  0]LogD3D11RHI:     SharedSystemMemory : 17139707904 bytes
[2022.03.28-00.42.56:793][  0]LogD3D11RHI:     AdapterLuid : 0 70257
[2022.03.28-00.42.56:841][  0]LogD3D11RHI: RHI has support for 64 bit atomics
[2022.03.28-00.42.56:841][  0]LogD3D11RHI: Async texture creation enabled
[2022.03.28-00.42.56:842][  0]LogD3D11RHI: Array index from any shader is supported
[2022.03.28-00.42.56:864][  0]LogD3D11RHI: GPU Timing Frequency: 1000.000000 (Debug: 2 1)
[2022.03.28-00.42.56:875][  0]LogRHI: GeForceNow SDK initialized: 1
[2022.03.28-00.42.57:119][  0]LogTargetPlatformManager: Display: Loaded TargetPlatform 'AllDesktop'
[2022.03.28-00.42.57:137][  0]LogTargetPlatformManager: Display: Loaded TargetPlatform 'Android'
[2022.03.28-00.42.57:137][  0]LogTargetPlatformManager: Display: Loaded TargetPlatform 'Android_ASTC'
[2022.03.28-00.42.57:137][  0]LogTargetPlatformManager: Display: Loaded TargetPlatform 'Android_DXT'
[2022.03.28-00.42.57:137][  0]LogTargetPlatformManager: Display: Loaded TargetPlatform 'Android_ETC2'
[2022.03.28-00.42.57:137][  0]LogTargetPlatformManager: Display: Loaded TargetPlatform 'AndroidClient'
[2022.03.28-00.42.57:137][  0]LogTargetPlatformManager: Display: Loaded TargetPlatform 'Android_ASTCClient'
[2022.03.28-00.42.57:137][  0]LogTargetPlatformManager: Display: Loaded TargetPlatform 'Android_DXTClient'
[2022.03.28-00.42.57:137][  0]LogTargetPlatformManager: Display: Loaded TargetPlatform 'Android_ETC2Client'
[2022.03.28-00.42.57:137][  0]LogTargetPlatformManager: Display: Loaded TargetPlatform 'Android_Multi'
[2022.03.28-00.42.57:137][  0]LogTargetPlatformManager: Display: Loaded TargetPlatform 'Android_MultiClient'
[2022.03.28-00.42.57:152][  0]LogTargetPlatformManager: Display: Loaded TargetPlatform 'IOSClient'
[2022.03.28-00.42.57:152][  0]LogTargetPlatformManager: Display: Loaded TargetPlatform 'IOS'
[2022.03.28-00.42.57:162][  0]LogTargetPlatformManager: Display: Loaded TargetPlatform 'Linux'
[2022.03.28-00.42.57:165][  0]LogTargetPlatformManager: Display: Loaded TargetPlatform 'LinuxNoEditor'
[2022.03.28-00.42.57:169][  0]LogTargetPlatformManager: Display: Loaded TargetPlatform 'LinuxClient'
[2022.03.28-00.42.57:173][  0]LogTargetPlatformManager: Display: Loaded TargetPlatform 'LinuxServer'
[2022.03.28-00.42.57:182][  0]LogTargetPlatformManager: Display: Loaded TargetPlatform 'LinuxAArch64NoEditor'
[2022.03.28-00.42.57:185][  0]LogTargetPlatformManager: Display: Loaded TargetPlatform 'LinuxAArch64Client'
[2022.03.28-00.42.57:189][  0]LogTargetPlatformManager: Display: Loaded TargetPlatform 'LinuxAArch64Server'
[2022.03.28-00.42.57:212][  0]LogTargetPlatformManager: Display: Loaded TargetPlatform 'Lumin'
[2022.03.28-00.42.57:212][  0]LogTargetPlatformManager: Display: Loaded TargetPlatform 'LuminClient'
[2022.03.28-00.42.57:219][  0]LogTargetPlatformManager: Display: Loaded TargetPlatform 'MacNoEditor'
[2022.03.28-00.42.57:222][  0]LogTargetPlatformManager: Display: Loaded TargetPlatform 'Mac'
[2022.03.28-00.42.57:225][  0]LogTargetPlatformManager: Display: Loaded TargetPlatform 'MacClient'
[2022.03.28-00.42.57:228][  0]LogTargetPlatformManager: Display: Loaded TargetPlatform 'MacServer'
[2022.03.28-00.42.57:237][  0]LogTargetPlatformManager: Display: Loaded TargetPlatform 'TVOSClient'
[2022.03.28-00.42.57:237][  0]LogTargetPlatformManager: Display: Loaded TargetPlatform 'TVOS'
[2022.03.28-00.42.57:244][  0]LogTargetPlatformManager: Display: Loaded TargetPlatform 'WindowsNoEditor'
[2022.03.28-00.42.57:248][  0]LogTargetPlatformManager: Display: Loaded TargetPlatform 'Windows'
[2022.03.28-00.42.57:251][  0]LogTargetPlatformManager: Display: Loaded TargetPlatform 'WindowsClient'
[2022.03.28-00.42.57:256][  0]LogTargetPlatformManager: Display: Loaded TargetPlatform 'WindowsServer'
[2022.03.28-00.42.57:256][  0]LogTargetPlatformManager: Display: Building Assets For Windows
[2022.03.28-00.42.57:262][  0]LogAudioDebug: Display: Lib vorbis DLL was dynamically loaded.
[2022.03.28-00.42.57:291][  0]LogTextureFormatOodle: Display: Oodle Texture 2.9.0 init RDO Off
[2022.03.28-00.42.57:314][  0]LogRendererCore: Ray tracing is disabled. Reason: r.RayTracing=0.
[2022.03.28-00.42.57:314][  0]LogShaderCompilers: Guid format shader working directory is -27 characters bigger than the processId version (../../../../../../Users/super/Documents/UnrealProjects/PentaJam/PentaJam/Intermediate/Shaders/WorkingDirectory/22576/).
[2022.03.28-00.42.57:314][  0]LogShaderCompilers: Cleaned the shader compiler working directory 'C:/Users/super/AppData/Local/Temp/UnrealShaderWorkingDir/4B04D47042E44DAA741C39897A9EAE71/'.
[2022.03.28-00.42.57:314][  0]LogXGEController: Cannot use XGE Controller as Incredibuild is not installed on this machine.
[2022.03.28-00.42.57:315][  0]LogShaderCompilers: Cannot use XGE Shader Compiler as Incredibuild is not installed on this machine.
[2022.03.28-00.42.57:315][  0]LogShaderCompilers: Display: Using Local Shader Compiler.
[2022.03.28-00.42.57:878][  0]LogDerivedDataCache: Display: Max Cache Size: 512 MB
[2022.03.28-00.42.57:928][  0]LogDerivedDataCache: Loaded boot cache 0.05s 94MB C:/Users/super/AppData/Local/UnrealEngine/4.27/DerivedDataCache/Boot.ddc.
[2022.03.28-00.42.57:928][  0]LogDerivedDataCache: Display: Loaded Boot cache: C:/Users/super/AppData/Local/UnrealEngine/4.27/DerivedDataCache/Boot.ddc
[2022.03.28-00.42.57:928][  0]LogDerivedDataCache: FDerivedDataBackendGraph:  Pak pak cache file ../../../../../../Users/super/Documents/UnrealProjects/PentaJam/PentaJam/DerivedDataCache/DDC.ddp not found, will not use a pak cache.
[2022.03.28-00.42.57:928][  0]LogDerivedDataCache: Unable to find inner node Pak for hierarchical cache Hierarchy.
[2022.03.28-00.42.57:928][  0]LogDerivedDataCache: FDerivedDataBackendGraph:  CompressedPak pak cache file ../../../../../../Users/super/Documents/UnrealProjects/PentaJam/PentaJam/DerivedDataCache/Compressed.ddp not found, will not use a pak cache.
[2022.03.28-00.42.57:928][  0]LogDerivedDataCache: Unable to find inner node CompressedPak for hierarchical cache Hierarchy.
[2022.03.28-00.42.57:943][  0]LogDerivedDataCache: Display: Pak cache opened for reading ../../../Engine/DerivedDataCache/Compressed.ddp.
[2022.03.28-00.42.57:943][  0]LogDerivedDataCache: FDerivedDataBackendGraph:  EnterprisePak pak cache file ../../../Enterprise/DerivedDataCache/Compressed.ddp not found, will not use a pak cache.
[2022.03.28-00.42.57:943][  0]LogDerivedDataCache: Unable to find inner node EnterprisePak for hierarchical cache Hierarchy.
[2022.03.28-00.42.57:956][  0]LogDerivedDataCache: Speed tests for C:/Users/super/AppData/Local/UnrealEngine/Common/DerivedDataCache took 0.01 seconds
[2022.03.28-00.42.57:956][  0]LogDerivedDataCache: Display: Performance to C:/Users/super/AppData/Local/UnrealEngine/Common/DerivedDataCache: Latency=0.02ms. RandomReadSpeed=436.27MBs, RandomWriteSpeed=84.98MBs. Assigned SpeedClass 'Local'
[2022.03.28-00.42.57:957][  0]LogDerivedDataCache: Using Local data cache path C:/Users/super/AppData/Local/UnrealEngine/Common/DerivedDataCache: Writable
[2022.03.28-00.42.57:957][  0]LogDerivedDataCache: Shared data cache path not found in *engine.ini, will not use an Shared cache.
[2022.03.28-00.42.57:957][  0]LogDerivedDataCache: Unable to find inner node Shared for hierarchical cache Hierarchy.
[2022.03.28-00.42.57:993][  0]LogSlate: Using FreeType 2.10.0
[2022.03.28-00.42.57:993][  0]LogSlate: SlateFontServices - WITH_FREETYPE: 1, WITH_HARFBUZZ: 1
[2022.03.28-00.42.58:494][  0]LogHMD: Failed to get an OpenXR system, result is XR_ERROR_FORM_FACTOR_UNAVAILABLE. Please check that your runtime supports VR headsets.
[2022.03.28-00.42.58:512][  0]LogAssetRegistry: FAssetRegistry took 0.0024 seconds to start up
[2022.03.28-00.42.58:708][  0]LogInit: Selected Device Profile: [Windows]
[2022.03.28-00.42.58:708][  0]LogInit: Active device profile: [00000157C1883200][00000157C29BC980 49] Windows
[2022.03.28-00.42.58:708][  0]LogInit: Profiles: [00000157C1883200][00000157C29BC980 49] Windows, [00000157C1789000][00000157C29C4AC0 49] WindowsNoEditor, [00000157C1881000][00000157B62D4C40 49] WindowsServer, [00000157C178A900][00000157B62E4DC0 49] WindowsClient, [00000157C1882800][00000157B62E8F40 49] IOS, [00000157C1789A00][00000157B63130C0 49] iPadAir, [00000157C1881900][00000157B631B240 49] iPadAir2, [00000157C25C3700][00000157B6327500 49] IPadPro, [00000157C25C3800][00000157B6323540 49] iPadAir3, [00000157C1882100][00000157C056B6C0 49] iPadAir4, [00000157C25C1500][00000157C05A9840 49] iPadMini2, [00000157C1882E00][00000157C05AD9C0 49] iPadMini3, [00000157C25C2300][00000157C05B1B40 49] iPadMini4, [00000157C1881100][00000157C05B4140 49] iPadMini5, [00000157C177B000][00000157C05BC400 49] iPhone6, [00000157C177B100][00000157C05B8440 49] iPodTouch6, [00000157C25C0700][00000157C05C0700 49] iPhone7, [00000157C25C0600][00000157C2808740 49] iPodTouch7, [00000157C1779400][00000157C05C48C0 49] iPhone5S, [00000157C25C2100][00000157B62D0A00 49] iPhone6Plus, [00000157C177A400][00000157C270EB40 49] iPhone6S, [00000157C25C2D00][00000157C2712C80 49] iPhone6SPlus, [00000157C177BA00][00000157C2716DC0 49] iPhone7Plus, [00000157C25C3E00][00000157C271EF40 49] iPhoneSE, [00000157C1779700][00000157C27230C0 49] iPhone8, [00000157C25C1E00][00000157C2733240 49] iPhone8Plus, [00000157C177A300][00000157C2D973C0 49] iPhoneX, [00000157C25C3000][00000157C2D9B540 49] iPhoneXS, [00000157C177B400][00000157BF1856C0 49] iPhoneXSMax, [00000157C25C2B00][00000157BF197840 49] iPhoneXR, [00000157C1778100][00000157BF19B9C0 49] iPhone11, [00000157C25C2000][00000157BF19FB40 49] iPhone11Pro, [00000157C1779200][00000157BF1A2140 49] iPhone11ProMax, [00000157C25C0100][00000157BF1A62C0 49] iPhoneSE2, [00000157C1779600][00000157BF1AA440 49] iPhone12Mini, [00000157C25C2A00][00000157BF1AE5C0 49] iPhone12, [00000157C177A200][00000157BF1B2740 49] iPhone12Pro, [00000157C25C1900][00000157BF1B68C0 49] iPhone12ProMax, [00000157C177B900][00000157C2E0EA40 49] iPadPro105, [00000157C25C0400][00000157C271AB80 49] iPadPro129, [00000157C1778C00][00000157C30CCCC0 49] iPadPro97, [00000157C25C1100][00000157C30D0E00 49] iPadPro2_129, [00000157C177A700][00000157C26A0F40 49] iPad5, [00000157C25C0B00][00000157C26A90C0 49] iPad6, [00000157C1778300][00000157C26D9240 49] iPad7, [00000157C25C0E00][00000157C26E13C0 49] iPad8, [00000157C1778D00][00000157C26E5540 49] iPadPro11, [00000157C25C1D00][00000157C26816C0 49] iPadPro2_11, [00000157C177B200][00000157C2685840 49] iPadPro3_129, [00000157C25C1A00][00000157C26899C0 49] iPadPro4_129, [00000157C177BF00][00000157C26DDB40 49] AppleTV, [00000157C25C3600][00000157C30D4140 49] AppleTV4K, [00000157C177AE00][00000157C26982C0 49] TVOS, [00000157C25C2600][00000157C269C440 49] Mac, [00000157C1778700][00000157C26FE5C0 49] MacClient, [00000157C25C1300][00000157C2702740 49] MacNoEditor, [00000157C177AF00][00000157C29B88C0 49] MacServer, [00000157C196A700][00000157B6316A40 49] Linux, [00000157C178B600][00000157B631EBC0 49] LinuxAArch64, [00000157C1969100][00000157C2706D40 49] LinuxNoEditor, [00000157C178AF00][00000157C26A4E80 49] LinuxAArch64NoEditor, [00000157C1969B00][00000157C270AFC0 49] LinuxClient, [00000157C178B900][00000157C29CD100 49] LinuxAArch64Client, [00000157C1969900][00000157C29D5280 49] LinuxServer, [00000157C178B400][00000157C29D9400 49] LinuxAArch64Server, [00000157C1968400][00000157C29DD580 49] Android, [00000157C178A800][00000157C29E1700 49] Android_Low, [00000157C1969800][00000157C29E5880 49] Android_Mid, [00000157C1788400][00000157C29E9A00 49] Android_High, [00000157C1969700][00000157C29EDB80 49] Android_Default, [00000157C1789C00][00000157C29F0180 49] Android_Adreno4xx, [00000157C1969400][00000157C2D9E300 49] Android_Adreno5xx_Low, [00000157C178AB00][00000157C2DA2480 49] Android_Adreno5xx, [00000157C1969E00][00000157C2DA6600 49] Android_Adreno6xx, [00000157C178B700][00000157C2DAA780 49] Android_Adreno6xx_Vulkan, [00000157C1779900][00000157C2DAE900 49] Android_Mali_T6xx, [00000157C25C3C00][00000157C2DB2A80 49] Android_Mali_T7xx, [00000157C1779B00][00000157C2DB6C00 49] Android_Mali_T8xx, [00000157C25C0A00][00000157C2DBAD80 49] Android_Mali_G71, [00000157C177B700][00000157C2DBEF00 49] Android_Mali_G72, [00000157C25C3500][00000157C29D1040 49] Android_Mali_G72_Vulkan, [00000157C1778E00][00000157C2DC3180 49] Android_Mali_G76, [00000157C25C2800][00000157C2DC72C0 49] Android_Mali_G76_Vulkan, [00000157C177BC00][00000157C2DCF440 49] Android_Mali_G77, [00000157C25C2700][00000157C2DD35C0 49] Android_Mali_G77_Vulkan, [00000157C196A100][00000157C2DD7740 49] Android_Mali_G78, [00000157C25C1400][00000157C2DDB8C0 49] Android_Mali_G78_Vulkan, [00000157C196A400][00000157C2DDFA40 49] Android_Mali_G710, [00000157C25C3200][00000157C2DE3BC0 49] Android_Mali_G710_Vulkan, [00000157C1968F00][00000157C2DE61C0 49] Android_Vulkan_SM5, [00000157C25C1000][00000157C2DEA340 49] Android_PowerVR_G6xxx, [00000157C1969C00][00000157C2DEE4C0 49] Android_PowerVR_GT7xxx, [00000157C25C1700][00000157C2DF2640 49] Android_PowerVR_GE8xxx, [00000157C196A200][00000157C2DF67C0 49] Android_PowerVR_GM9xxx, [00000157C25C1600][00000157C2DFA940 49] Android_PowerVR_GM9xxx_Vulkan, [00000157C1968B00][00000157C2DFEAC0 49] Android_TegraK1, [00000157C25C0200][00000157C2E02C40 49] Android_Unknown_Vulkan, [00000157C1969500][00000157C2E06DC0 49] Lumin, [00000157C25C0900][00000157C2E0AF40 49] Lumin_Desktop, [00000157C1779100][00000157BF0FF0C0 49] HoloLens, 
[2022.03.28-00.42.58:808][  0]LogMeshReduction: Using QuadricMeshReduction for automatic static mesh reduction
[2022.03.28-00.42.58:808][  0]LogMeshReduction: Using SimplygonMeshReduction for automatic skeletal mesh reduction
[2022.03.28-00.42.58:808][  0]LogMeshReduction: Using ProxyLODMeshReduction for automatic mesh merging
[2022.03.28-00.42.58:808][  0]LogMeshReduction: No distributed automatic mesh merging module available
[2022.03.28-00.42.58:808][  0]LogMeshMerging: No distributed automatic mesh merging module available
[2022.03.28-00.42.58:822][  0]LogNetVersion: PentaJam 1.0.0, NetCL: 17155196, EngineNetVer: 17, GameNetVer: 0 (Checksum: 3341594846)
[2022.03.28-00.42.59:101][  0]LogTexture: Default maximum texture size for cubemaps generated from long-lat sources has been changed from 512 to unlimited. In order to preserve old behaiour for '/Engine/MapTemplates/Sky/DaylightAmbientCubemap.DaylightAmbientCubemap', its maximum texture size has been explicitly set to 512.
[2022.03.28-00.42.59:149][  0]LogHMD: PokeAHoleMaterial loaded successfully
[2022.03.28-00.42.59:154][  0]LogUObjectArray: 17075 objects as part of root set at end of initial load.
[2022.03.28-00.42.59:154][  0]LogUObjectAllocator: 4275792 out of 0 bytes used by permanent object pool.
[2022.03.28-00.42.59:154][  0]LogUObjectArray: CloseDisregardForGC: 0/0 objects in disregard for GC pool
[2022.03.28-00.42.59:352][  0]LogNiagaraDebuggerClient: Niagara Debugger Client Initialized | Session: FF1DF33A4E4CA7CB70ED419F5382ED56 | Instance: 219997674F0A7770925C458F0CC7902D (DESKTOP-DBQ9SKC-22576).
[2022.03.28-00.42.59:452][  0]LogTcpMessaging: Initializing TcpMessaging bridge
[2022.03.28-00.42.59:456][  0]LogUdpMessaging: Initializing bridge on interface 0.0.0.0:0 to multicast group 230.0.0.1:6666.
[2022.03.28-00.42.59:468][  0]LogPython: Using Python 3.7.7
[2022.03.28-00.43.00:889][  0]LogWindows: Error: === Critical error: ===
[2022.03.28-00.43.00:889][  0]LogWindows: Error: 
[2022.03.28-00.43.00:889][  0]LogWindows: Error: Fatal error!
[2022.03.28-00.43.00:889][  0]LogWindows: Error: 
[2022.03.28-00.43.00:889][  0]LogWindows: Error: Unhandled Exception: EXCEPTION_ACCESS_VIOLATION reading address 0x0000000000000000
[2022.03.28-00.43.00:889][  0]LogWindows: Error: 
[2022.03.28-00.43.00:889][  0]LogWindows: Error: [Callstack] 0x00007ffcbfbe2f1f UE4Editor-PentaJam-5373.dll!APentaJamPawn::APentaJamPawn() [C:\Users\super\Documents\UnrealProjects\PentaJam\PentaJam\Source\PentaJam\PentaJamPawn.cpp:28]
[2022.03.28-00.43.00:889][  0]LogWindows: Error: [Callstack] 0x00000047e957ae00 UnknownFunction []
[2022.03.28-00.43.00:889][  0]LogWindows: Error: 
[2022.03.28-00.43.00:892][  0]LogExit: Executing StaticShutdownAfterError
[2022.03.28-00.43.00:893][  0]LogWindows: FPlatformMisc::RequestExit(1)
[2022.03.28-00.43.00:893][  0]LogWindows: FPlatformMisc::RequestExitWithStatus(1, 3)
[2022.03.28-00.43.00:893][  0]LogCore: Engine exit requested (reason: Win RequestExit)
[2022.03.28-00.43.00:902][  0]Log file closed, 03/27/22 19:43:00
